{"contracts/core/HYD.sol":{"l":{"63":0,"65":0,"68":0,"69":0,"79":0,"80":0,"90":0,"91":0,"99":0,"100":0,"108":0,"109":0,"118":0,"119":0,"120":0,"122":0,"123":0,"132":0,"133":0,"135":0,"136":0,"145":0,"156":0,"157":0,"159":0,"161":0,"163":0,"173":0,"174":0,"176":0,"191":0,"192":0,"194":0,"195":0,"199":0},"path":"/Users/rocky243/Desktop/paimon.dex/demo-nft-paimon/contracts/core/HYD.sol","s":{"1":0,"2":0,"3":0,"4":0,"5":0,"6":0,"7":0,"8":0,"9":0,"10":0,"11":0,"12":0,"13":0,"14":0,"15":0,"16":0,"17":0,"18":0,"19":0,"20":0,"21":0,"22":0,"23":0,"24":0,"25":0,"26":0,"27":0,"28":0,"29":0,"30":0,"31":0},"b":{"1":[0,0],"2":[0,0],"3":[0,0],"4":[0,0],"5":[0,0],"6":[0,0],"7":[0,0],"8":[0,0],"9":[0,0],"10":[0,0],"11":[0,0],"12":[0,0],"13":[0,0],"14":[0,0],"15":[0,0],"16":[0,0],"17":[0,0],"18":[0,0],"19":[0,0],"20":[0,0],"21":[0,0],"22":[0,0]},"f":{"1":0,"2":0,"3":0,"4":0,"5":0,"6":0,"7":0,"8":0,"9":0,"10":0,"11":0},"fnMap":{"1":{"name":"constructor","line":62,"loc":{"start":{"line":62,"column":4},"end":{"line":70,"column":4}}},"2":{"name":"mint","line":78,"loc":{"start":{"line":78,"column":4},"end":{"line":81,"column":4}}},"3":{"name":"burnFrom","line":89,"loc":{"start":{"line":89,"column":4},"end":{"line":92,"column":4}}},"4":{"name":"pause","line":98,"loc":{"start":{"line":98,"column":4},"end":{"line":101,"column":4}}},"5":{"name":"unpause","line":107,"loc":{"start":{"line":107,"column":4},"end":{"line":110,"column":4}}},"6":{"name":"blacklist","line":117,"loc":{"start":{"line":117,"column":4},"end":{"line":124,"column":4}}},"7":{"name":"unblacklist","line":131,"loc":{"start":{"line":131,"column":4},"end":{"line":137,"column":4}}},"8":{"name":"isBlacklisted","line":144,"loc":{"start":{"line":144,"column":4},"end":{"line":146,"column":4}}},"9":{"name":"hasRole","line":155,"loc":{"start":{"line":155,"column":4},"end":{"line":164,"column":4}}},"10":{"name":"grantRole","line":172,"loc":{"start":{"line":172,"column":4},"end":{"line":179,"column":4}}},"11":{"name":"_update","line":189,"loc":{"start":{"line":189,"column":4},"end":{"line":200,"column":4}}}},"statementMap":{"1":{"start":{"line":63,"column":8},"end":{"line":63,"column":68}},"2":{"start":{"line":79,"column":8},"end":{"line":79,"column":59}},"3":{"start":{"line":80,"column":8},"end":{"line":80,"column":24}},"4":{"start":{"line":90,"column":8},"end":{"line":90,"column":59}},"5":{"start":{"line":91,"column":8},"end":{"line":91,"column":26}},"6":{"start":{"line":99,"column":8},"end":{"line":99,"column":78}},"7":{"start":{"line":100,"column":8},"end":{"line":100,"column":15}},"8":{"start":{"line":108,"column":8},"end":{"line":108,"column":78}},"9":{"start":{"line":109,"column":8},"end":{"line":109,"column":17}},"10":{"start":{"line":118,"column":8},"end":{"line":118,"column":83}},"11":{"start":{"line":119,"column":8},"end":{"line":119,"column":75}},"12":{"start":{"line":120,"column":8},"end":{"line":120,"column":74}},"13":{"start":{"line":123,"column":8},"end":{"line":123,"column":33}},"14":{"start":{"line":132,"column":8},"end":{"line":132,"column":83}},"15":{"start":{"line":133,"column":8},"end":{"line":133,"column":69}},"16":{"start":{"line":136,"column":8},"end":{"line":136,"column":35}},"17":{"start":{"line":145,"column":8},"end":{"line":145,"column":36}},"18":{"start":{"line":156,"column":8},"end":{"line":156,"column":5621}},"19":{"start":{"line":157,"column":12},"end":{"line":157,"column":37}},"20":{"start":{"line":158,"column":15},"end":{"line":158,"column":5709}},"21":{"start":{"line":159,"column":12},"end":{"line":159,"column":36}},"22":{"start":{"line":160,"column":15},"end":{"line":160,"column":5789}},"23":{"start":{"line":161,"column":12},"end":{"line":161,"column":41}},"24":{"start":{"line":163,"column":8},"end":{"line":163,"column":20}},"25":{"start":{"line":173,"column":8},"end":{"line":173,"column":6165}},"26":{"start":{"line":175,"column":15},"end":{"line":175,"column":6245}},"27":{"start":{"line":191,"column":8},"end":{"line":191,"column":6886}},"28":{"start":{"line":192,"column":12},"end":{"line":192,"column":69}},"29":{"start":{"line":194,"column":8},"end":{"line":194,"column":7002}},"30":{"start":{"line":195,"column":12},"end":{"line":195,"column":70}},"31":{"start":{"line":199,"column":8},"end":{"line":199,"column":37}}},"branchMap":{"1":{"line":63,"type":"if","locations":[{"start":{"line":63,"column":8},"end":{"line":63,"column":8}},{"start":{"line":63,"column":8},"end":{"line":63,"column":8}}]},"2":{"line":78,"type":"if","locations":[{"start":{"line":78,"column":55},"end":{"line":78,"column":55}},{"start":{"line":78,"column":55},"end":{"line":78,"column":55}}]},"3":{"line":79,"type":"if","locations":[{"start":{"line":79,"column":8},"end":{"line":79,"column":8}},{"start":{"line":79,"column":8},"end":{"line":79,"column":8}}]},"4":{"line":89,"type":"if","locations":[{"start":{"line":89,"column":68},"end":{"line":89,"column":68}},{"start":{"line":89,"column":68},"end":{"line":89,"column":68}}]},"5":{"line":90,"type":"if","locations":[{"start":{"line":90,"column":8},"end":{"line":90,"column":8}},{"start":{"line":90,"column":8},"end":{"line":90,"column":8}}]},"6":{"line":99,"type":"if","locations":[{"start":{"line":99,"column":8},"end":{"line":99,"column":8}},{"start":{"line":99,"column":8},"end":{"line":99,"column":8}}]},"7":{"line":108,"type":"if","locations":[{"start":{"line":108,"column":8},"end":{"line":108,"column":8}},{"start":{"line":108,"column":8},"end":{"line":108,"column":8}}]},"8":{"line":118,"type":"if","locations":[{"start":{"line":118,"column":8},"end":{"line":118,"column":8}},{"start":{"line":118,"column":8},"end":{"line":118,"column":8}}]},"9":{"line":119,"type":"if","locations":[{"start":{"line":119,"column":8},"end":{"line":119,"column":8}},{"start":{"line":119,"column":8},"end":{"line":119,"column":8}}]},"10":{"line":120,"type":"if","locations":[{"start":{"line":120,"column":8},"end":{"line":120,"column":8}},{"start":{"line":120,"column":8},"end":{"line":120,"column":8}}]},"11":{"line":132,"type":"if","locations":[{"start":{"line":132,"column":8},"end":{"line":132,"column":8}},{"start":{"line":132,"column":8},"end":{"line":132,"column":8}}]},"12":{"line":133,"type":"if","locations":[{"start":{"line":133,"column":8},"end":{"line":133,"column":8}},{"start":{"line":133,"column":8},"end":{"line":133,"column":8}}]},"13":{"line":156,"type":"if","locations":[{"start":{"line":156,"column":8},"end":{"line":156,"column":8}},{"start":{"line":156,"column":8},"end":{"line":156,"column":8}}]},"14":{"line":158,"type":"if","locations":[{"start":{"line":158,"column":15},"end":{"line":158,"column":15}},{"start":{"line":158,"column":15},"end":{"line":158,"column":15}}]},"15":{"line":160,"type":"if","locations":[{"start":{"line":160,"column":15},"end":{"line":160,"column":15}},{"start":{"line":160,"column":15},"end":{"line":160,"column":15}}]},"16":{"line":172,"type":"if","locations":[{"start":{"line":172,"column":63},"end":{"line":172,"column":63}},{"start":{"line":172,"column":63},"end":{"line":172,"column":63}}]},"17":{"line":173,"type":"if","locations":[{"start":{"line":173,"column":8},"end":{"line":173,"column":8}},{"start":{"line":173,"column":8},"end":{"line":173,"column":8}}]},"18":{"line":175,"type":"if","locations":[{"start":{"line":175,"column":15},"end":{"line":175,"column":15}},{"start":{"line":175,"column":15},"end":{"line":175,"column":15}}]},"19":{"line":191,"type":"if","locations":[{"start":{"line":191,"column":8},"end":{"line":191,"column":8}},{"start":{"line":191,"column":8},"end":{"line":191,"column":8}}]},"20":{"line":192,"type":"if","locations":[{"start":{"line":192,"column":12},"end":{"line":192,"column":12}},{"start":{"line":192,"column":12},"end":{"line":192,"column":12}}]},"21":{"line":194,"type":"if","locations":[{"start":{"line":194,"column":8},"end":{"line":194,"column":8}},{"start":{"line":194,"column":8},"end":{"line":194,"column":8}}]},"22":{"line":195,"type":"if","locations":[{"start":{"line":195,"column":12},"end":{"line":195,"column":12}},{"start":{"line":195,"column":12},"end":{"line":195,"column":12}}]}}},"contracts/core/PAIMON.sol":{"l":{"51":0,"54":0,"65":0,"76":0},"path":"/Users/rocky243/Desktop/paimon.dex/demo-nft-paimon/contracts/core/PAIMON.sol","s":{"1":0,"2":0,"3":0,"4":0},"b":{"1":[0,0]},"f":{"1":0,"2":0,"3":0},"fnMap":{"1":{"name":"constructor","line":48,"loc":{"start":{"line":46,"column":4},"end":{"line":55,"column":4}}},"2":{"name":"mint","line":64,"loc":{"start":{"line":64,"column":4},"end":{"line":66,"column":4}}},"3":{"name":"_update","line":72,"loc":{"start":{"line":72,"column":4},"end":{"line":77,"column":4}}}},"statementMap":{"1":{"start":{"line":51,"column":8},"end":{"line":51,"column":49}},"2":{"start":{"line":54,"column":8},"end":{"line":54,"column":42}},"3":{"start":{"line":65,"column":8},"end":{"line":65,"column":24}},"4":{"start":{"line":76,"column":8},"end":{"line":76,"column":37}}},"branchMap":{"1":{"line":64,"type":"if","locations":[{"start":{"line":64,"column":55},"end":{"line":64,"column":55}},{"start":{"line":64,"column":55},"end":{"line":64,"column":55}}]}}},"contracts/core/PSM.sol":{"l":{"92":0,"93":0,"95":0,"96":0,"99":0,"100":0,"103":0,"113":0,"116":0,"117":0,"118":0,"121":0,"122":0,"123":0,"127":0,"128":0,"129":0,"130":0,"134":0,"135":0,"139":0,"142":0,"145":0,"146":0,"150":0,"151":0,"162":0,"165":0,"168":0,"169":0,"172":0,"175":0,"178":0,"181":0,"184":0,"193":0,"194":0,"195":0,"204":0,"205":0,"206":0,"215":0,"216":0,"224":0,"232":0,"233":0,"235":0},"path":"/Users/rocky243/Desktop/paimon.dex/demo-nft-paimon/contracts/core/PSM.sol","s":{"1":0,"2":0,"3":0,"4":0,"5":0,"6":0,"7":0,"8":0,"9":0,"10":0,"11":0,"12":0,"13":0,"14":0,"15":0,"16":0,"17":0,"18":0,"19":0,"20":0,"21":0,"22":0,"23":0,"24":0,"25":0,"26":0,"27":0,"28":0},"b":{"1":[0,0],"2":[0,0],"3":[0,0],"4":[0,0],"5":[0,0],"6":[0,0],"7":[0,0],"8":[0,0],"9":[0,0],"10":[0,0],"11":[0,0],"12":[0,0],"13":[0,0],"14":[0,0]},"f":{"1":0,"2":0,"3":0,"4":0,"5":0,"6":0,"7":0,"8":0},"fnMap":{"1":{"name":"constructor","line":91,"loc":{"start":{"line":91,"column":4},"end":{"line":104,"column":4}}},"2":{"name":"swapUSDCForHYD","line":112,"loc":{"start":{"line":112,"column":4},"end":{"line":153,"column":4}}},"3":{"name":"swapHYDForUSDC","line":161,"loc":{"start":{"line":161,"column":4},"end":{"line":185,"column":4}}},"4":{"name":"setFeeIn","line":192,"loc":{"start":{"line":192,"column":4},"end":{"line":196,"column":4}}},"5":{"name":"setFeeOut","line":203,"loc":{"start":{"line":203,"column":4},"end":{"line":207,"column":4}}},"6":{"name":"setMaxMintedHYD","line":214,"loc":{"start":{"line":214,"column":4},"end":{"line":217,"column":4}}},"7":{"name":"getUSDCReserve","line":223,"loc":{"start":{"line":223,"column":4},"end":{"line":225,"column":4}}},"8":{"name":"getAvailableCapacity","line":231,"loc":{"start":{"line":231,"column":4},"end":{"line":236,"column":4}}}},"statementMap":{"1":{"start":{"line":92,"column":8},"end":{"line":92,"column":69}},"2":{"start":{"line":93,"column":8},"end":{"line":93,"column":71}},"3":{"start":{"line":113,"column":8},"end":{"line":113,"column":71}},"4":{"start":{"line":116,"column":8},"end":{"line":116,"column":30}},"5":{"start":{"line":117,"column":8},"end":{"line":117,"column":44}},"6":{"start":{"line":118,"column":8},"end":{"line":118,"column":42}},"7":{"start":{"line":121,"column":8},"end":{"line":121,"column":23}},"8":{"start":{"line":127,"column":8},"end":{"line":127,"column":28}},"9":{"start":{"line":135,"column":12},"end":{"line":135,"column":88}},"10":{"start":{"line":139,"column":8},"end":{"line":139,"column":67}},"11":{"start":{"line":142,"column":8},"end":{"line":142,"column":40}},"12":{"start":{"line":151,"column":12},"end":{"line":151,"column":84}},"13":{"start":{"line":162,"column":8},"end":{"line":162,"column":70}},"14":{"start":{"line":165,"column":8},"end":{"line":165,"column":62}},"15":{"start":{"line":168,"column":8},"end":{"line":168,"column":48}},"16":{"start":{"line":172,"column":8},"end":{"line":172,"column":95}},"17":{"start":{"line":175,"column":8},"end":{"line":175,"column":42}},"18":{"start":{"line":178,"column":8},"end":{"line":178,"column":50}},"19":{"start":{"line":184,"column":8},"end":{"line":184,"column":72}},"20":{"start":{"line":193,"column":8},"end":{"line":193,"column":66}},"21":{"start":{"line":195,"column":8},"end":{"line":195,"column":42}},"22":{"start":{"line":204,"column":8},"end":{"line":204,"column":67}},"23":{"start":{"line":206,"column":8},"end":{"line":206,"column":44}},"24":{"start":{"line":216,"column":8},"end":{"line":216,"column":31}},"25":{"start":{"line":224,"column":8},"end":{"line":224,"column":44}},"26":{"start":{"line":232,"column":8},"end":{"line":232,"column":8421}},"27":{"start":{"line":233,"column":12},"end":{"line":233,"column":20}},"28":{"start":{"line":235,"column":8},"end":{"line":235,"column":41}}},"branchMap":{"1":{"line":92,"type":"if","locations":[{"start":{"line":92,"column":8},"end":{"line":92,"column":8}},{"start":{"line":92,"column":8},"end":{"line":92,"column":8}}]},"2":{"line":93,"type":"if","locations":[{"start":{"line":93,"column":8},"end":{"line":93,"column":8}},{"start":{"line":93,"column":8},"end":{"line":93,"column":8}}]},"3":{"line":112,"type":"if","locations":[{"start":{"line":112,"column":57},"end":{"line":112,"column":57}},{"start":{"line":112,"column":57},"end":{"line":112,"column":57}}]},"4":{"line":113,"type":"if","locations":[{"start":{"line":113,"column":8},"end":{"line":113,"column":8}},{"start":{"line":113,"column":8},"end":{"line":113,"column":8}}]},"5":{"line":135,"type":"if","locations":[{"start":{"line":135,"column":12},"end":{"line":135,"column":12}},{"start":{"line":135,"column":12},"end":{"line":135,"column":12}}]},"6":{"line":161,"type":"if","locations":[{"start":{"line":161,"column":56},"end":{"line":161,"column":56}},{"start":{"line":161,"column":56},"end":{"line":161,"column":56}}]},"7":{"line":162,"type":"if","locations":[{"start":{"line":162,"column":8},"end":{"line":162,"column":8}},{"start":{"line":162,"column":8},"end":{"line":162,"column":8}}]},"8":{"line":172,"type":"if","locations":[{"start":{"line":172,"column":8},"end":{"line":172,"column":8}},{"start":{"line":172,"column":8},"end":{"line":172,"column":8}}]},"9":{"line":192,"type":"if","locations":[{"start":{"line":192,"column":49},"end":{"line":192,"column":49}},{"start":{"line":192,"column":49},"end":{"line":192,"column":49}}]},"10":{"line":193,"type":"if","locations":[{"start":{"line":193,"column":8},"end":{"line":193,"column":8}},{"start":{"line":193,"column":8},"end":{"line":193,"column":8}}]},"11":{"line":203,"type":"if","locations":[{"start":{"line":203,"column":51},"end":{"line":203,"column":51}},{"start":{"line":203,"column":51},"end":{"line":203,"column":51}}]},"12":{"line":204,"type":"if","locations":[{"start":{"line":204,"column":8},"end":{"line":204,"column":8}},{"start":{"line":204,"column":8},"end":{"line":204,"column":8}}]},"13":{"line":214,"type":"if","locations":[{"start":{"line":214,"column":54},"end":{"line":214,"column":54}},{"start":{"line":214,"column":54},"end":{"line":214,"column":54}}]},"14":{"line":232,"type":"if","locations":[{"start":{"line":232,"column":8},"end":{"line":232,"column":8}},{"start":{"line":232,"column":8},"end":{"line":232,"column":8}}]}}},"contracts/core/VotingEscrow.sol":{"l":{"95":1,"96":1,"110":12,"111":12,"112":12,"114":12,"115":12,"118":12,"124":12,"127":12,"130":12,"132":12,"134":12,"143":0,"144":0,"146":0,"147":0,"149":0,"150":0,"152":0,"154":0,"156":0,"165":0,"166":0,"167":0,"169":0,"170":0,"172":0,"173":0,"175":0,"176":0,"178":0,"186":0,"188":0,"189":0,"191":0,"194":0,"197":0,"200":0,"202":0,"214":36,"215":0,"218":36,"221":36,"222":2,"227":34,"228":34,"230":34,"239":0,"248":0,"249":0,"258":0,"260":0,"261":0,"264":0},"path":"/Users/rocky243/Desktop/paimon.dex/demo-nft-paimon/contracts/core/VotingEscrow.sol","s":{"1":1,"2":12,"3":12,"4":12,"5":12,"6":12,"7":12,"8":12,"9":12,"10":12,"11":0,"12":0,"13":0,"14":0,"15":0,"16":0,"17":0,"18":0,"19":0,"20":0,"21":0,"22":0,"23":0,"24":0,"25":0,"26":0,"27":0,"28":0,"29":0,"30":0,"31":0,"32":0,"33":0,"34":0,"35":36,"36":0,"37":36,"38":36,"39":2,"40":34,"41":34,"42":34,"43":0,"44":0,"45":0,"46":0,"47":0,"48":0,"49":0},"b":{"1":[1,0],"2":[12,0],"3":[12,0],"4":[12,0],"5":[12,0],"6":[0,0],"7":[0,0],"8":[0,0],"9":[0,0],"10":[0,0],"11":[0,0],"12":[0,0],"13":[0,0],"14":[0,0],"15":[0,0],"16":[0,0],"17":[0,0],"18":[0,0],"19":[0,0],"20":[0,36],"21":[2,34],"22":[0,0]},"f":{"1":1,"2":12,"3":0,"4":0,"5":0,"6":36,"7":0,"8":0,"9":0},"fnMap":{"1":{"name":"constructor","line":94,"loc":{"start":{"line":94,"column":4},"end":{"line":97,"column":4}}},"2":{"name":"createLock","line":107,"loc":{"start":{"line":105,"column":4},"end":{"line":135,"column":4}}},"3":{"name":"increaseAmount","line":142,"loc":{"start":{"line":142,"column":4},"end":{"line":157,"column":4}}},"4":{"name":"increaseUnlockTime","line":164,"loc":{"start":{"line":164,"column":4},"end":{"line":179,"column":4}}},"5":{"name":"withdraw","line":185,"loc":{"start":{"line":185,"column":4},"end":{"line":203,"column":4}}},"6":{"name":"balanceOfNFT","line":212,"loc":{"start":{"line":212,"column":4},"end":{"line":231,"column":4}}},"7":{"name":"getLockedBalance","line":238,"loc":{"start":{"line":238,"column":4},"end":{"line":240,"column":4}}},"8":{"name":"isExpired","line":247,"loc":{"start":{"line":247,"column":4},"end":{"line":250,"column":4}}},"9":{"name":"getRemainingTime","line":257,"loc":{"start":{"line":257,"column":4},"end":{"line":265,"column":4}}}},"statementMap":{"1":{"start":{"line":95,"column":8},"end":{"line":95,"column":61}},"2":{"start":{"line":110,"column":8},"end":{"line":110,"column":48}},"3":{"start":{"line":111,"column":8},"end":{"line":111,"column":67}},"4":{"start":{"line":112,"column":8},"end":{"line":112,"column":66}},"5":{"start":{"line":114,"column":8},"end":{"line":114,"column":60}},"6":{"start":{"line":115,"column":8},"end":{"line":115,"column":40}},"7":{"start":{"line":124,"column":8},"end":{"line":124,"column":44}},"8":{"start":{"line":130,"column":8},"end":{"line":130,"column":64}},"9":{"start":{"line":132,"column":8},"end":{"line":132,"column":71}},"10":{"start":{"line":134,"column":8},"end":{"line":134,"column":29}},"11":{"start":{"line":143,"column":8},"end":{"line":143,"column":65}},"12":{"start":{"line":144,"column":8},"end":{"line":144,"column":48}},"13":{"start":{"line":146,"column":8},"end":{"line":146,"column":56}},"14":{"start":{"line":147,"column":8},"end":{"line":147,"column":61}},"15":{"start":{"line":149,"column":8},"end":{"line":149,"column":60}},"16":{"start":{"line":150,"column":8},"end":{"line":150,"column":65}},"17":{"start":{"line":154,"column":8},"end":{"line":154,"column":64}},"18":{"start":{"line":156,"column":8},"end":{"line":156,"column":66}},"19":{"start":{"line":165,"column":8},"end":{"line":165,"column":65}},"20":{"start":{"line":166,"column":8},"end":{"line":166,"column":67}},"21":{"start":{"line":167,"column":8},"end":{"line":167,"column":66}},"22":{"start":{"line":169,"column":8},"end":{"line":169,"column":56}},"23":{"start":{"line":170,"column":8},"end":{"line":170,"column":61}},"24":{"start":{"line":172,"column":8},"end":{"line":172,"column":63}},"25":{"start":{"line":173,"column":8},"end":{"line":173,"column":78}},"26":{"start":{"line":175,"column":8},"end":{"line":175,"column":36}},"27":{"start":{"line":178,"column":8},"end":{"line":178,"column":63}},"28":{"start":{"line":186,"column":8},"end":{"line":186,"column":65}},"29":{"start":{"line":188,"column":8},"end":{"line":188,"column":55}},"30":{"start":{"line":189,"column":8},"end":{"line":189,"column":66}},"31":{"start":{"line":191,"column":8},"end":{"line":191,"column":47}},"32":{"start":{"line":197,"column":8},"end":{"line":197,"column":22}},"33":{"start":{"line":200,"column":8},"end":{"line":200,"column":44}},"34":{"start":{"line":202,"column":8},"end":{"line":202,"column":50}},"35":{"start":{"line":214,"column":8},"end":{"line":214,"column":7674}},"36":{"start":{"line":215,"column":12},"end":{"line":215,"column":39}},"37":{"start":{"line":218,"column":8},"end":{"line":218,"column":55}},"38":{"start":{"line":221,"column":8},"end":{"line":221,"column":7870}},"39":{"start":{"line":222,"column":12},"end":{"line":222,"column":20}},"40":{"start":{"line":227,"column":8},"end":{"line":227,"column":70}},"41":{"start":{"line":228,"column":8},"end":{"line":228,"column":75}},"42":{"start":{"line":230,"column":8},"end":{"line":230,"column":20}},"43":{"start":{"line":239,"column":8},"end":{"line":239,"column":31}},"44":{"start":{"line":248,"column":8},"end":{"line":248,"column":55}},"45":{"start":{"line":249,"column":8},"end":{"line":249,"column":45}},"46":{"start":{"line":258,"column":8},"end":{"line":258,"column":55}},"47":{"start":{"line":260,"column":8},"end":{"line":260,"column":9109}},"48":{"start":{"line":261,"column":12},"end":{"line":261,"column":20}},"49":{"start":{"line":264,"column":8},"end":{"line":264,"column":53}}},"branchMap":{"1":{"line":95,"type":"if","locations":[{"start":{"line":95,"column":8},"end":{"line":95,"column":8}},{"start":{"line":95,"column":8},"end":{"line":95,"column":8}}]},"2":{"line":107,"type":"if","locations":[{"start":{"line":107,"column":8},"end":{"line":107,"column":8}},{"start":{"line":107,"column":8},"end":{"line":107,"column":8}}]},"3":{"line":110,"type":"if","locations":[{"start":{"line":110,"column":8},"end":{"line":110,"column":8}},{"start":{"line":110,"column":8},"end":{"line":110,"column":8}}]},"4":{"line":111,"type":"if","locations":[{"start":{"line":111,"column":8},"end":{"line":111,"column":8}},{"start":{"line":111,"column":8},"end":{"line":111,"column":8}}]},"5":{"line":112,"type":"if","locations":[{"start":{"line":112,"column":8},"end":{"line":112,"column":8}},{"start":{"line":112,"column":8},"end":{"line":112,"column":8}}]},"6":{"line":142,"type":"if","locations":[{"start":{"line":142,"column":71},"end":{"line":142,"column":71}},{"start":{"line":142,"column":71},"end":{"line":142,"column":71}}]},"7":{"line":143,"type":"if","locations":[{"start":{"line":143,"column":8},"end":{"line":143,"column":8}},{"start":{"line":143,"column":8},"end":{"line":143,"column":8}}]},"8":{"line":144,"type":"if","locations":[{"start":{"line":144,"column":8},"end":{"line":144,"column":8}},{"start":{"line":144,"column":8},"end":{"line":144,"column":8}}]},"9":{"line":147,"type":"if","locations":[{"start":{"line":147,"column":8},"end":{"line":147,"column":8}},{"start":{"line":147,"column":8},"end":{"line":147,"column":8}}]},"10":{"line":150,"type":"if","locations":[{"start":{"line":150,"column":8},"end":{"line":150,"column":8}},{"start":{"line":150,"column":8},"end":{"line":150,"column":8}}]},"11":{"line":164,"type":"if","locations":[{"start":{"line":164,"column":82},"end":{"line":164,"column":82}},{"start":{"line":164,"column":82},"end":{"line":164,"column":82}}]},"12":{"line":165,"type":"if","locations":[{"start":{"line":165,"column":8},"end":{"line":165,"column":8}},{"start":{"line":165,"column":8},"end":{"line":165,"column":8}}]},"13":{"line":166,"type":"if","locations":[{"start":{"line":166,"column":8},"end":{"line":166,"column":8}},{"start":{"line":166,"column":8},"end":{"line":166,"column":8}}]},"14":{"line":167,"type":"if","locations":[{"start":{"line":167,"column":8},"end":{"line":167,"column":8}},{"start":{"line":167,"column":8},"end":{"line":167,"column":8}}]},"15":{"line":170,"type":"if","locations":[{"start":{"line":170,"column":8},"end":{"line":170,"column":8}},{"start":{"line":170,"column":8},"end":{"line":170,"column":8}}]},"16":{"line":173,"type":"if","locations":[{"start":{"line":173,"column":8},"end":{"line":173,"column":8}},{"start":{"line":173,"column":8},"end":{"line":173,"column":8}}]},"17":{"line":185,"type":"if","locations":[{"start":{"line":185,"column":49},"end":{"line":185,"column":49}},{"start":{"line":185,"column":49},"end":{"line":185,"column":49}}]},"18":{"line":186,"type":"if","locations":[{"start":{"line":186,"column":8},"end":{"line":186,"column":8}},{"start":{"line":186,"column":8},"end":{"line":186,"column":8}}]},"19":{"line":189,"type":"if","locations":[{"start":{"line":189,"column":8},"end":{"line":189,"column":8}},{"start":{"line":189,"column":8},"end":{"line":189,"column":8}}]},"20":{"line":214,"type":"if","locations":[{"start":{"line":214,"column":8},"end":{"line":214,"column":8}},{"start":{"line":214,"column":8},"end":{"line":214,"column":8}}]},"21":{"line":221,"type":"if","locations":[{"start":{"line":221,"column":8},"end":{"line":221,"column":8}},{"start":{"line":221,"column":8},"end":{"line":221,"column":8}}]},"22":{"line":260,"type":"if","locations":[{"start":{"line":260,"column":8},"end":{"line":260,"column":8}},{"start":{"line":260,"column":8},"end":{"line":260,"column":8}}]}}},"contracts/governance/GaugeController.sol":{"l":{"113":1,"114":1,"115":1,"116":1,"129":52,"130":51,"132":50,"133":50,"138":50,"139":50,"141":50,"151":4,"153":4,"155":4,"167":47,"169":47,"171":10,"172":10,"173":10,"182":3,"184":3,"185":1,"186":1,"189":2,"209":32,"212":32,"213":31,"214":30,"217":29,"218":29,"220":27,"223":27,"226":27,"227":27,"228":27,"231":26,"234":26,"235":26,"238":26,"241":26,"244":26,"246":26,"262":5,"265":5,"266":4,"269":3,"270":3,"272":3,"275":3,"278":3,"281":3,"282":3,"283":16,"284":16,"287":16,"288":16,"289":16,"292":16,"295":16,"298":16,"299":16,"302":16,"305":16,"308":16,"309":16,"314":3,"317":3,"319":3},"path":"/Users/rocky243/Desktop/paimon.dex/demo-nft-paimon/contracts/governance/GaugeController.sol","s":{"1":1,"2":52,"3":51,"4":50,"5":50,"6":4,"7":4,"8":47,"9":47,"10":10,"11":3,"12":3,"13":1,"14":1,"15":2,"16":32,"17":32,"18":31,"19":30,"20":29,"21":29,"22":27,"23":27,"24":27,"25":27,"26":27,"27":26,"28":26,"29":26,"30":26,"31":5,"32":5,"33":4,"34":3,"35":3,"36":3,"37":3,"38":3,"39":3,"40":3,"41":16,"42":16,"43":16,"44":16,"45":16,"46":16,"47":16,"48":16,"49":3,"50":3},"b":{"1":[1,0],"2":[52,1],"3":[51,1],"4":[50,1],"5":[4,1],"6":[4,0],"7":[10,37],"8":[1,2],"9":[32,0],"10":[31,1],"11":[30,1],"12":[29,1],"13":[27,2],"14":[26,1],"15":[5,0],"16":[4,1],"17":[3,1],"18":[3,0],"19":[16,0],"20":[16,0],"21":[16,0],"22":[3,0]},"f":{"1":1,"2":52,"3":4,"4":47,"5":3,"6":32,"7":5},"fnMap":{"1":{"name":"constructor","line":112,"loc":{"start":{"line":112,"column":4},"end":{"line":117,"column":4}}},"2":{"name":"addGauge","line":128,"loc":{"start":{"line":128,"column":4},"end":{"line":142,"column":4}}},"3":{"name":"setGaugeActive","line":150,"loc":{"start":{"line":150,"column":4},"end":{"line":156,"column":4}}},"4":{"name":"advanceEpoch","line":166,"loc":{"start":{"line":166,"column":4},"end":{"line":175,"column":4}}},"5":{"name":"getCurrentEpoch","line":181,"loc":{"start":{"line":181,"column":4},"end":{"line":190,"column":4}}},"6":{"name":"vote","line":207,"loc":{"start":{"line":203,"column":4},"end":{"line":247,"column":4}}},"7":{"name":"batchVote","line":260,"loc":{"start":{"line":256,"column":4},"end":{"line":320,"column":4}}}},"statementMap":{"1":{"start":{"line":113,"column":8},"end":{"line":113,"column":75}},"2":{"start":{"line":129,"column":8},"end":{"line":129,"column":68}},"3":{"start":{"line":130,"column":8},"end":{"line":130,"column":67}},"4":{"start":{"line":132,"column":8},"end":{"line":132,"column":36}},"5":{"start":{"line":141,"column":8},"end":{"line":141,"column":47}},"6":{"start":{"line":151,"column":8},"end":{"line":151,"column":54}},"7":{"start":{"line":155,"column":8},"end":{"line":155,"column":58}},"8":{"start":{"line":167,"column":8},"end":{"line":167,"column":62}},"9":{"start":{"line":169,"column":8},"end":{"line":169,"column":5890}},"10":{"start":{"line":171,"column":12},"end":{"line":171,"column":63}},"11":{"start":{"line":182,"column":8},"end":{"line":182,"column":62}},"12":{"start":{"line":184,"column":8},"end":{"line":184,"column":6412}},"13":{"start":{"line":185,"column":12},"end":{"line":185,"column":63}},"14":{"start":{"line":186,"column":12},"end":{"line":186,"column":46}},"15":{"start":{"line":189,"column":8},"end":{"line":189,"column":27}},"16":{"start":{"line":209,"column":8},"end":{"line":209,"column":21}},"17":{"start":{"line":212,"column":8},"end":{"line":212,"column":54}},"18":{"start":{"line":213,"column":8},"end":{"line":213,"column":61}},"19":{"start":{"line":214,"column":8},"end":{"line":214,"column":66}},"20":{"start":{"line":217,"column":8},"end":{"line":217,"column":59}},"21":{"start":{"line":218,"column":8},"end":{"line":218,"column":59}},"22":{"start":{"line":220,"column":8},"end":{"line":220,"column":36}},"23":{"start":{"line":223,"column":8},"end":{"line":223,"column":64}},"24":{"start":{"line":226,"column":8},"end":{"line":226,"column":73}},"25":{"start":{"line":227,"column":8},"end":{"line":227,"column":77}},"26":{"start":{"line":228,"column":8},"end":{"line":228,"column":87}},"27":{"start":{"line":231,"column":8},"end":{"line":231,"column":65}},"28":{"start":{"line":234,"column":8},"end":{"line":234,"column":76}},"29":{"start":{"line":235,"column":8},"end":{"line":235,"column":74}},"30":{"start":{"line":246,"column":8},"end":{"line":246,"column":66}},"31":{"start":{"line":262,"column":8},"end":{"line":262,"column":21}},"32":{"start":{"line":265,"column":8},"end":{"line":265,"column":76}},"33":{"start":{"line":266,"column":8},"end":{"line":266,"column":51}},"34":{"start":{"line":269,"column":8},"end":{"line":269,"column":59}},"35":{"start":{"line":270,"column":8},"end":{"line":270,"column":59}},"36":{"start":{"line":272,"column":8},"end":{"line":272,"column":36}},"37":{"start":{"line":275,"column":8},"end":{"line":275,"column":65}},"38":{"start":{"line":278,"column":8},"end":{"line":278,"column":70}},"39":{"start":{"line":281,"column":8},"end":{"line":281,"column":41}},"40":{"start":{"line":282,"column":8},"end":{"line":282,"column":9880}},"41":{"start":{"line":283,"column":12},"end":{"line":283,"column":42}},"42":{"start":{"line":284,"column":12},"end":{"line":284,"column":40}},"43":{"start":{"line":287,"column":12},"end":{"line":287,"column":57}},"44":{"start":{"line":288,"column":12},"end":{"line":288,"column":64}},"45":{"start":{"line":289,"column":12},"end":{"line":289,"column":69}},"46":{"start":{"line":292,"column":12},"end":{"line":292,"column":67}},"47":{"start":{"line":298,"column":12},"end":{"line":298,"column":80}},"48":{"start":{"line":299,"column":12},"end":{"line":299,"column":77}},"49":{"start":{"line":314,"column":8},"end":{"line":314,"column":84}},"50":{"start":{"line":319,"column":8},"end":{"line":319,"column":52}}},"branchMap":{"1":{"line":113,"type":"if","locations":[{"start":{"line":113,"column":8},"end":{"line":113,"column":8}},{"start":{"line":113,"column":8},"end":{"line":113,"column":8}}]},"2":{"line":128,"type":"if","locations":[{"start":{"line":128,"column":54},"end":{"line":128,"column":54}},{"start":{"line":128,"column":54},"end":{"line":128,"column":54}}]},"3":{"line":129,"type":"if","locations":[{"start":{"line":129,"column":8},"end":{"line":129,"column":8}},{"start":{"line":129,"column":8},"end":{"line":129,"column":8}}]},"4":{"line":130,"type":"if","locations":[{"start":{"line":130,"column":8},"end":{"line":130,"column":8}},{"start":{"line":130,"column":8},"end":{"line":130,"column":8}}]},"5":{"line":150,"type":"if","locations":[{"start":{"line":150,"column":71},"end":{"line":150,"column":71}},{"start":{"line":150,"column":71},"end":{"line":150,"column":71}}]},"6":{"line":151,"type":"if","locations":[{"start":{"line":151,"column":8},"end":{"line":151,"column":8}},{"start":{"line":151,"column":8},"end":{"line":151,"column":8}}]},"7":{"line":169,"type":"if","locations":[{"start":{"line":169,"column":8},"end":{"line":169,"column":8}},{"start":{"line":169,"column":8},"end":{"line":169,"column":8}}]},"8":{"line":184,"type":"if","locations":[{"start":{"line":184,"column":8},"end":{"line":184,"column":8}},{"start":{"line":184,"column":8},"end":{"line":184,"column":8}}]},"9":{"line":207,"type":"if","locations":[{"start":{"line":207,"column":15},"end":{"line":207,"column":15}},{"start":{"line":207,"column":15},"end":{"line":207,"column":15}}]},"10":{"line":212,"type":"if","locations":[{"start":{"line":212,"column":8},"end":{"line":212,"column":8}},{"start":{"line":212,"column":8},"end":{"line":212,"column":8}}]},"11":{"line":213,"type":"if","locations":[{"start":{"line":213,"column":8},"end":{"line":213,"column":8}},{"start":{"line":213,"column":8},"end":{"line":213,"column":8}}]},"12":{"line":214,"type":"if","locations":[{"start":{"line":214,"column":8},"end":{"line":214,"column":8}},{"start":{"line":214,"column":8},"end":{"line":214,"column":8}}]},"13":{"line":218,"type":"if","locations":[{"start":{"line":218,"column":8},"end":{"line":218,"column":8}},{"start":{"line":218,"column":8},"end":{"line":218,"column":8}}]},"14":{"line":228,"type":"if","locations":[{"start":{"line":228,"column":8},"end":{"line":228,"column":8}},{"start":{"line":228,"column":8},"end":{"line":228,"column":8}}]},"15":{"line":260,"type":"if","locations":[{"start":{"line":260,"column":15},"end":{"line":260,"column":15}},{"start":{"line":260,"column":15},"end":{"line":260,"column":15}}]},"16":{"line":265,"type":"if","locations":[{"start":{"line":265,"column":8},"end":{"line":265,"column":8}},{"start":{"line":265,"column":8},"end":{"line":265,"column":8}}]},"17":{"line":266,"type":"if","locations":[{"start":{"line":266,"column":8},"end":{"line":266,"column":8}},{"start":{"line":266,"column":8},"end":{"line":266,"column":8}}]},"18":{"line":270,"type":"if","locations":[{"start":{"line":270,"column":8},"end":{"line":270,"column":8}},{"start":{"line":270,"column":8},"end":{"line":270,"column":8}}]},"19":{"line":287,"type":"if","locations":[{"start":{"line":287,"column":12},"end":{"line":287,"column":12}},{"start":{"line":287,"column":12},"end":{"line":287,"column":12}}]},"20":{"line":288,"type":"if","locations":[{"start":{"line":288,"column":12},"end":{"line":288,"column":12}},{"start":{"line":288,"column":12},"end":{"line":288,"column":12}}]},"21":{"line":289,"type":"if","locations":[{"start":{"line":289,"column":12},"end":{"line":289,"column":12}},{"start":{"line":289,"column":12},"end":{"line":289,"column":12}}]},"22":{"line":314,"type":"if","locations":[{"start":{"line":314,"column":8},"end":{"line":314,"column":8}},{"start":{"line":314,"column":8},"end":{"line":314,"column":8}}]}}},"contracts/mocks/MockERC20.sol":{"l":{"19":1,"23":0,"27":3,"31":0},"path":"/Users/rocky243/Desktop/paimon.dex/demo-nft-paimon/contracts/mocks/MockERC20.sol","s":{"1":0,"2":3,"3":0},"b":{},"f":{"1":1,"2":0,"3":3,"4":0},"fnMap":{"1":{"name":"constructor","line":18,"loc":{"start":{"line":14,"column":4},"end":{"line":20,"column":4}}},"2":{"name":"decimals","line":22,"loc":{"start":{"line":22,"column":4},"end":{"line":24,"column":4}}},"3":{"name":"mint","line":26,"loc":{"start":{"line":26,"column":4},"end":{"line":28,"column":4}}},"4":{"name":"burn","line":30,"loc":{"start":{"line":30,"column":4},"end":{"line":32,"column":4}}}},"statementMap":{"1":{"start":{"line":23,"column":8},"end":{"line":23,"column":24}},"2":{"start":{"line":27,"column":8},"end":{"line":27,"column":24}},"3":{"start":{"line":31,"column":8},"end":{"line":31,"column":26}}},"branchMap":{}}}