{"contracts/core/HYD.sol":{"l":{"63":0,"65":0,"68":0,"69":0,"79":0,"80":0,"90":0,"91":0,"99":0,"100":0,"108":0,"109":0,"118":0,"119":0,"120":0,"122":0,"123":0,"132":0,"133":0,"135":0,"136":0,"145":0,"156":0,"157":0,"159":0,"161":0,"163":0,"173":0,"174":0,"176":0,"191":0,"192":0,"194":0,"195":0,"199":0},"path":"/Users/rocky243/Desktop/paimon.dex/demo-nft-paimon/contracts/core/HYD.sol","s":{"1":0,"2":0,"3":0,"4":0,"5":0,"6":0,"7":0,"8":0,"9":0,"10":0,"11":0,"12":0,"13":0,"14":0,"15":0,"16":0,"17":0,"18":0,"19":0,"20":0,"21":0,"22":0,"23":0,"24":0,"25":0,"26":0,"27":0,"28":0,"29":0,"30":0,"31":0},"b":{"1":[0,0],"2":[0,0],"3":[0,0],"4":[0,0],"5":[0,0],"6":[0,0],"7":[0,0],"8":[0,0],"9":[0,0],"10":[0,0],"11":[0,0],"12":[0,0],"13":[0,0],"14":[0,0],"15":[0,0],"16":[0,0],"17":[0,0],"18":[0,0],"19":[0,0],"20":[0,0],"21":[0,0],"22":[0,0]},"f":{"1":0,"2":0,"3":0,"4":0,"5":0,"6":0,"7":0,"8":0,"9":0,"10":0,"11":0},"fnMap":{"1":{"name":"constructor","line":62,"loc":{"start":{"line":62,"column":4},"end":{"line":70,"column":4}}},"2":{"name":"mint","line":78,"loc":{"start":{"line":78,"column":4},"end":{"line":81,"column":4}}},"3":{"name":"burnFrom","line":89,"loc":{"start":{"line":89,"column":4},"end":{"line":92,"column":4}}},"4":{"name":"pause","line":98,"loc":{"start":{"line":98,"column":4},"end":{"line":101,"column":4}}},"5":{"name":"unpause","line":107,"loc":{"start":{"line":107,"column":4},"end":{"line":110,"column":4}}},"6":{"name":"blacklist","line":117,"loc":{"start":{"line":117,"column":4},"end":{"line":124,"column":4}}},"7":{"name":"unblacklist","line":131,"loc":{"start":{"line":131,"column":4},"end":{"line":137,"column":4}}},"8":{"name":"isBlacklisted","line":144,"loc":{"start":{"line":144,"column":4},"end":{"line":146,"column":4}}},"9":{"name":"hasRole","line":155,"loc":{"start":{"line":155,"column":4},"end":{"line":164,"column":4}}},"10":{"name":"grantRole","line":172,"loc":{"start":{"line":172,"column":4},"end":{"line":179,"column":4}}},"11":{"name":"_update","line":189,"loc":{"start":{"line":189,"column":4},"end":{"line":200,"column":4}}}},"statementMap":{"1":{"start":{"line":63,"column":8},"end":{"line":63,"column":68}},"2":{"start":{"line":79,"column":8},"end":{"line":79,"column":59}},"3":{"start":{"line":80,"column":8},"end":{"line":80,"column":24}},"4":{"start":{"line":90,"column":8},"end":{"line":90,"column":59}},"5":{"start":{"line":91,"column":8},"end":{"line":91,"column":26}},"6":{"start":{"line":99,"column":8},"end":{"line":99,"column":78}},"7":{"start":{"line":100,"column":8},"end":{"line":100,"column":15}},"8":{"start":{"line":108,"column":8},"end":{"line":108,"column":78}},"9":{"start":{"line":109,"column":8},"end":{"line":109,"column":17}},"10":{"start":{"line":118,"column":8},"end":{"line":118,"column":83}},"11":{"start":{"line":119,"column":8},"end":{"line":119,"column":75}},"12":{"start":{"line":120,"column":8},"end":{"line":120,"column":74}},"13":{"start":{"line":123,"column":8},"end":{"line":123,"column":33}},"14":{"start":{"line":132,"column":8},"end":{"line":132,"column":83}},"15":{"start":{"line":133,"column":8},"end":{"line":133,"column":69}},"16":{"start":{"line":136,"column":8},"end":{"line":136,"column":35}},"17":{"start":{"line":145,"column":8},"end":{"line":145,"column":36}},"18":{"start":{"line":156,"column":8},"end":{"line":156,"column":5621}},"19":{"start":{"line":157,"column":12},"end":{"line":157,"column":37}},"20":{"start":{"line":158,"column":15},"end":{"line":158,"column":5709}},"21":{"start":{"line":159,"column":12},"end":{"line":159,"column":36}},"22":{"start":{"line":160,"column":15},"end":{"line":160,"column":5789}},"23":{"start":{"line":161,"column":12},"end":{"line":161,"column":41}},"24":{"start":{"line":163,"column":8},"end":{"line":163,"column":20}},"25":{"start":{"line":173,"column":8},"end":{"line":173,"column":6165}},"26":{"start":{"line":175,"column":15},"end":{"line":175,"column":6245}},"27":{"start":{"line":191,"column":8},"end":{"line":191,"column":6886}},"28":{"start":{"line":192,"column":12},"end":{"line":192,"column":69}},"29":{"start":{"line":194,"column":8},"end":{"line":194,"column":7002}},"30":{"start":{"line":195,"column":12},"end":{"line":195,"column":70}},"31":{"start":{"line":199,"column":8},"end":{"line":199,"column":37}}},"branchMap":{"1":{"line":63,"type":"if","locations":[{"start":{"line":63,"column":8},"end":{"line":63,"column":8}},{"start":{"line":63,"column":8},"end":{"line":63,"column":8}}]},"2":{"line":78,"type":"if","locations":[{"start":{"line":78,"column":55},"end":{"line":78,"column":55}},{"start":{"line":78,"column":55},"end":{"line":78,"column":55}}]},"3":{"line":79,"type":"if","locations":[{"start":{"line":79,"column":8},"end":{"line":79,"column":8}},{"start":{"line":79,"column":8},"end":{"line":79,"column":8}}]},"4":{"line":89,"type":"if","locations":[{"start":{"line":89,"column":68},"end":{"line":89,"column":68}},{"start":{"line":89,"column":68},"end":{"line":89,"column":68}}]},"5":{"line":90,"type":"if","locations":[{"start":{"line":90,"column":8},"end":{"line":90,"column":8}},{"start":{"line":90,"column":8},"end":{"line":90,"column":8}}]},"6":{"line":99,"type":"if","locations":[{"start":{"line":99,"column":8},"end":{"line":99,"column":8}},{"start":{"line":99,"column":8},"end":{"line":99,"column":8}}]},"7":{"line":108,"type":"if","locations":[{"start":{"line":108,"column":8},"end":{"line":108,"column":8}},{"start":{"line":108,"column":8},"end":{"line":108,"column":8}}]},"8":{"line":118,"type":"if","locations":[{"start":{"line":118,"column":8},"end":{"line":118,"column":8}},{"start":{"line":118,"column":8},"end":{"line":118,"column":8}}]},"9":{"line":119,"type":"if","locations":[{"start":{"line":119,"column":8},"end":{"line":119,"column":8}},{"start":{"line":119,"column":8},"end":{"line":119,"column":8}}]},"10":{"line":120,"type":"if","locations":[{"start":{"line":120,"column":8},"end":{"line":120,"column":8}},{"start":{"line":120,"column":8},"end":{"line":120,"column":8}}]},"11":{"line":132,"type":"if","locations":[{"start":{"line":132,"column":8},"end":{"line":132,"column":8}},{"start":{"line":132,"column":8},"end":{"line":132,"column":8}}]},"12":{"line":133,"type":"if","locations":[{"start":{"line":133,"column":8},"end":{"line":133,"column":8}},{"start":{"line":133,"column":8},"end":{"line":133,"column":8}}]},"13":{"line":156,"type":"if","locations":[{"start":{"line":156,"column":8},"end":{"line":156,"column":8}},{"start":{"line":156,"column":8},"end":{"line":156,"column":8}}]},"14":{"line":158,"type":"if","locations":[{"start":{"line":158,"column":15},"end":{"line":158,"column":15}},{"start":{"line":158,"column":15},"end":{"line":158,"column":15}}]},"15":{"line":160,"type":"if","locations":[{"start":{"line":160,"column":15},"end":{"line":160,"column":15}},{"start":{"line":160,"column":15},"end":{"line":160,"column":15}}]},"16":{"line":172,"type":"if","locations":[{"start":{"line":172,"column":63},"end":{"line":172,"column":63}},{"start":{"line":172,"column":63},"end":{"line":172,"column":63}}]},"17":{"line":173,"type":"if","locations":[{"start":{"line":173,"column":8},"end":{"line":173,"column":8}},{"start":{"line":173,"column":8},"end":{"line":173,"column":8}}]},"18":{"line":175,"type":"if","locations":[{"start":{"line":175,"column":15},"end":{"line":175,"column":15}},{"start":{"line":175,"column":15},"end":{"line":175,"column":15}}]},"19":{"line":191,"type":"if","locations":[{"start":{"line":191,"column":8},"end":{"line":191,"column":8}},{"start":{"line":191,"column":8},"end":{"line":191,"column":8}}]},"20":{"line":192,"type":"if","locations":[{"start":{"line":192,"column":12},"end":{"line":192,"column":12}},{"start":{"line":192,"column":12},"end":{"line":192,"column":12}}]},"21":{"line":194,"type":"if","locations":[{"start":{"line":194,"column":8},"end":{"line":194,"column":8}},{"start":{"line":194,"column":8},"end":{"line":194,"column":8}}]},"22":{"line":195,"type":"if","locations":[{"start":{"line":195,"column":12},"end":{"line":195,"column":12}},{"start":{"line":195,"column":12},"end":{"line":195,"column":12}}]}}},"contracts/core/PAIMON.sol":{"l":{"51":0,"54":0,"65":0,"76":0},"path":"/Users/rocky243/Desktop/paimon.dex/demo-nft-paimon/contracts/core/PAIMON.sol","s":{"1":0,"2":0,"3":0,"4":0},"b":{"1":[0,0]},"f":{"1":0,"2":0,"3":0},"fnMap":{"1":{"name":"constructor","line":48,"loc":{"start":{"line":46,"column":4},"end":{"line":55,"column":4}}},"2":{"name":"mint","line":64,"loc":{"start":{"line":64,"column":4},"end":{"line":66,"column":4}}},"3":{"name":"_update","line":72,"loc":{"start":{"line":72,"column":4},"end":{"line":77,"column":4}}}},"statementMap":{"1":{"start":{"line":51,"column":8},"end":{"line":51,"column":49}},"2":{"start":{"line":54,"column":8},"end":{"line":54,"column":42}},"3":{"start":{"line":65,"column":8},"end":{"line":65,"column":24}},"4":{"start":{"line":76,"column":8},"end":{"line":76,"column":37}}},"branchMap":{"1":{"line":64,"type":"if","locations":[{"start":{"line":64,"column":55},"end":{"line":64,"column":55}},{"start":{"line":64,"column":55},"end":{"line":64,"column":55}}]}}},"contracts/core/PSM.sol":{"l":{"92":0,"93":0,"95":0,"96":0,"99":0,"100":0,"103":0,"113":0,"116":0,"117":0,"118":0,"121":0,"122":0,"123":0,"127":0,"128":0,"129":0,"130":0,"134":0,"135":0,"139":0,"142":0,"145":0,"146":0,"150":0,"151":0,"162":0,"165":0,"168":0,"169":0,"172":0,"175":0,"178":0,"181":0,"184":0,"193":0,"194":0,"195":0,"204":0,"205":0,"206":0,"215":0,"216":0,"224":0,"232":0,"233":0,"235":0},"path":"/Users/rocky243/Desktop/paimon.dex/demo-nft-paimon/contracts/core/PSM.sol","s":{"1":0,"2":0,"3":0,"4":0,"5":0,"6":0,"7":0,"8":0,"9":0,"10":0,"11":0,"12":0,"13":0,"14":0,"15":0,"16":0,"17":0,"18":0,"19":0,"20":0,"21":0,"22":0,"23":0,"24":0,"25":0,"26":0,"27":0,"28":0},"b":{"1":[0,0],"2":[0,0],"3":[0,0],"4":[0,0],"5":[0,0],"6":[0,0],"7":[0,0],"8":[0,0],"9":[0,0],"10":[0,0],"11":[0,0],"12":[0,0],"13":[0,0],"14":[0,0]},"f":{"1":0,"2":0,"3":0,"4":0,"5":0,"6":0,"7":0,"8":0},"fnMap":{"1":{"name":"constructor","line":91,"loc":{"start":{"line":91,"column":4},"end":{"line":104,"column":4}}},"2":{"name":"swapUSDCForHYD","line":112,"loc":{"start":{"line":112,"column":4},"end":{"line":153,"column":4}}},"3":{"name":"swapHYDForUSDC","line":161,"loc":{"start":{"line":161,"column":4},"end":{"line":185,"column":4}}},"4":{"name":"setFeeIn","line":192,"loc":{"start":{"line":192,"column":4},"end":{"line":196,"column":4}}},"5":{"name":"setFeeOut","line":203,"loc":{"start":{"line":203,"column":4},"end":{"line":207,"column":4}}},"6":{"name":"setMaxMintedHYD","line":214,"loc":{"start":{"line":214,"column":4},"end":{"line":217,"column":4}}},"7":{"name":"getUSDCReserve","line":223,"loc":{"start":{"line":223,"column":4},"end":{"line":225,"column":4}}},"8":{"name":"getAvailableCapacity","line":231,"loc":{"start":{"line":231,"column":4},"end":{"line":236,"column":4}}}},"statementMap":{"1":{"start":{"line":92,"column":8},"end":{"line":92,"column":69}},"2":{"start":{"line":93,"column":8},"end":{"line":93,"column":71}},"3":{"start":{"line":113,"column":8},"end":{"line":113,"column":71}},"4":{"start":{"line":116,"column":8},"end":{"line":116,"column":30}},"5":{"start":{"line":117,"column":8},"end":{"line":117,"column":44}},"6":{"start":{"line":118,"column":8},"end":{"line":118,"column":42}},"7":{"start":{"line":121,"column":8},"end":{"line":121,"column":23}},"8":{"start":{"line":127,"column":8},"end":{"line":127,"column":28}},"9":{"start":{"line":135,"column":12},"end":{"line":135,"column":88}},"10":{"start":{"line":139,"column":8},"end":{"line":139,"column":67}},"11":{"start":{"line":142,"column":8},"end":{"line":142,"column":40}},"12":{"start":{"line":151,"column":12},"end":{"line":151,"column":84}},"13":{"start":{"line":162,"column":8},"end":{"line":162,"column":70}},"14":{"start":{"line":165,"column":8},"end":{"line":165,"column":62}},"15":{"start":{"line":168,"column":8},"end":{"line":168,"column":48}},"16":{"start":{"line":172,"column":8},"end":{"line":172,"column":95}},"17":{"start":{"line":175,"column":8},"end":{"line":175,"column":42}},"18":{"start":{"line":178,"column":8},"end":{"line":178,"column":50}},"19":{"start":{"line":184,"column":8},"end":{"line":184,"column":72}},"20":{"start":{"line":193,"column":8},"end":{"line":193,"column":66}},"21":{"start":{"line":195,"column":8},"end":{"line":195,"column":42}},"22":{"start":{"line":204,"column":8},"end":{"line":204,"column":67}},"23":{"start":{"line":206,"column":8},"end":{"line":206,"column":44}},"24":{"start":{"line":216,"column":8},"end":{"line":216,"column":31}},"25":{"start":{"line":224,"column":8},"end":{"line":224,"column":44}},"26":{"start":{"line":232,"column":8},"end":{"line":232,"column":8421}},"27":{"start":{"line":233,"column":12},"end":{"line":233,"column":20}},"28":{"start":{"line":235,"column":8},"end":{"line":235,"column":41}}},"branchMap":{"1":{"line":92,"type":"if","locations":[{"start":{"line":92,"column":8},"end":{"line":92,"column":8}},{"start":{"line":92,"column":8},"end":{"line":92,"column":8}}]},"2":{"line":93,"type":"if","locations":[{"start":{"line":93,"column":8},"end":{"line":93,"column":8}},{"start":{"line":93,"column":8},"end":{"line":93,"column":8}}]},"3":{"line":112,"type":"if","locations":[{"start":{"line":112,"column":57},"end":{"line":112,"column":57}},{"start":{"line":112,"column":57},"end":{"line":112,"column":57}}]},"4":{"line":113,"type":"if","locations":[{"start":{"line":113,"column":8},"end":{"line":113,"column":8}},{"start":{"line":113,"column":8},"end":{"line":113,"column":8}}]},"5":{"line":135,"type":"if","locations":[{"start":{"line":135,"column":12},"end":{"line":135,"column":12}},{"start":{"line":135,"column":12},"end":{"line":135,"column":12}}]},"6":{"line":161,"type":"if","locations":[{"start":{"line":161,"column":56},"end":{"line":161,"column":56}},{"start":{"line":161,"column":56},"end":{"line":161,"column":56}}]},"7":{"line":162,"type":"if","locations":[{"start":{"line":162,"column":8},"end":{"line":162,"column":8}},{"start":{"line":162,"column":8},"end":{"line":162,"column":8}}]},"8":{"line":172,"type":"if","locations":[{"start":{"line":172,"column":8},"end":{"line":172,"column":8}},{"start":{"line":172,"column":8},"end":{"line":172,"column":8}}]},"9":{"line":192,"type":"if","locations":[{"start":{"line":192,"column":49},"end":{"line":192,"column":49}},{"start":{"line":192,"column":49},"end":{"line":192,"column":49}}]},"10":{"line":193,"type":"if","locations":[{"start":{"line":193,"column":8},"end":{"line":193,"column":8}},{"start":{"line":193,"column":8},"end":{"line":193,"column":8}}]},"11":{"line":203,"type":"if","locations":[{"start":{"line":203,"column":51},"end":{"line":203,"column":51}},{"start":{"line":203,"column":51},"end":{"line":203,"column":51}}]},"12":{"line":204,"type":"if","locations":[{"start":{"line":204,"column":8},"end":{"line":204,"column":8}},{"start":{"line":204,"column":8},"end":{"line":204,"column":8}}]},"13":{"line":214,"type":"if","locations":[{"start":{"line":214,"column":54},"end":{"line":214,"column":54}},{"start":{"line":214,"column":54},"end":{"line":214,"column":54}}]},"14":{"line":232,"type":"if","locations":[{"start":{"line":232,"column":8},"end":{"line":232,"column":8}},{"start":{"line":232,"column":8},"end":{"line":232,"column":8}}]}}},"contracts/core/VotingEscrow.sol":{"l":{"95":1,"96":1,"110":12,"111":12,"112":12,"114":12,"115":12,"118":12,"124":12,"127":12,"130":12,"132":12,"134":12,"143":0,"144":0,"146":0,"147":0,"149":0,"150":0,"152":0,"154":0,"156":0,"165":0,"166":0,"167":0,"169":0,"170":0,"172":0,"173":0,"175":0,"177":0,"185":0,"187":0,"188":0,"190":0,"193":0,"196":0,"199":0,"201":0,"213":22,"214":0,"217":22,"220":22,"221":0,"226":22,"227":22,"229":22,"238":0,"247":0,"248":0,"257":0,"259":0,"260":0,"263":0},"path":"/Users/rocky243/Desktop/paimon.dex/demo-nft-paimon/contracts/core/VotingEscrow.sol","s":{"1":1,"2":12,"3":12,"4":12,"5":12,"6":12,"7":12,"8":12,"9":12,"10":12,"11":0,"12":0,"13":0,"14":0,"15":0,"16":0,"17":0,"18":0,"19":0,"20":0,"21":0,"22":0,"23":0,"24":0,"25":0,"26":0,"27":0,"28":0,"29":0,"30":0,"31":0,"32":0,"33":0,"34":22,"35":0,"36":22,"37":22,"38":0,"39":22,"40":22,"41":22,"42":0,"43":0,"44":0,"45":0,"46":0,"47":0,"48":0},"b":{"1":[1,0],"2":[12,0],"3":[12,0],"4":[12,0],"5":[12,0],"6":[0,0],"7":[0,0],"8":[0,0],"9":[0,0],"10":[0,0],"11":[0,0],"12":[0,0],"13":[0,0],"14":[0,0],"15":[0,0],"16":[0,0],"17":[0,0],"18":[0,0],"19":[0,0],"20":[0,22],"21":[0,22],"22":[0,0]},"f":{"1":1,"2":12,"3":0,"4":0,"5":0,"6":22,"7":0,"8":0,"9":0},"fnMap":{"1":{"name":"constructor","line":94,"loc":{"start":{"line":94,"column":4},"end":{"line":97,"column":4}}},"2":{"name":"createLock","line":107,"loc":{"start":{"line":105,"column":4},"end":{"line":135,"column":4}}},"3":{"name":"increaseAmount","line":142,"loc":{"start":{"line":142,"column":4},"end":{"line":157,"column":4}}},"4":{"name":"increaseUnlockTime","line":164,"loc":{"start":{"line":164,"column":4},"end":{"line":178,"column":4}}},"5":{"name":"withdraw","line":184,"loc":{"start":{"line":184,"column":4},"end":{"line":202,"column":4}}},"6":{"name":"balanceOfNFT","line":211,"loc":{"start":{"line":211,"column":4},"end":{"line":230,"column":4}}},"7":{"name":"getLockedBalance","line":237,"loc":{"start":{"line":237,"column":4},"end":{"line":239,"column":4}}},"8":{"name":"isExpired","line":246,"loc":{"start":{"line":246,"column":4},"end":{"line":249,"column":4}}},"9":{"name":"getRemainingTime","line":256,"loc":{"start":{"line":256,"column":4},"end":{"line":264,"column":4}}}},"statementMap":{"1":{"start":{"line":95,"column":8},"end":{"line":95,"column":61}},"2":{"start":{"line":110,"column":8},"end":{"line":110,"column":48}},"3":{"start":{"line":111,"column":8},"end":{"line":111,"column":67}},"4":{"start":{"line":112,"column":8},"end":{"line":112,"column":66}},"5":{"start":{"line":114,"column":8},"end":{"line":114,"column":60}},"6":{"start":{"line":115,"column":8},"end":{"line":115,"column":40}},"7":{"start":{"line":124,"column":8},"end":{"line":124,"column":44}},"8":{"start":{"line":130,"column":8},"end":{"line":130,"column":64}},"9":{"start":{"line":132,"column":8},"end":{"line":132,"column":71}},"10":{"start":{"line":134,"column":8},"end":{"line":134,"column":29}},"11":{"start":{"line":143,"column":8},"end":{"line":143,"column":65}},"12":{"start":{"line":144,"column":8},"end":{"line":144,"column":48}},"13":{"start":{"line":146,"column":8},"end":{"line":146,"column":56}},"14":{"start":{"line":147,"column":8},"end":{"line":147,"column":61}},"15":{"start":{"line":149,"column":8},"end":{"line":149,"column":60}},"16":{"start":{"line":150,"column":8},"end":{"line":150,"column":65}},"17":{"start":{"line":154,"column":8},"end":{"line":154,"column":64}},"18":{"start":{"line":156,"column":8},"end":{"line":156,"column":66}},"19":{"start":{"line":165,"column":8},"end":{"line":165,"column":65}},"20":{"start":{"line":166,"column":8},"end":{"line":166,"column":67}},"21":{"start":{"line":167,"column":8},"end":{"line":167,"column":66}},"22":{"start":{"line":169,"column":8},"end":{"line":169,"column":56}},"23":{"start":{"line":170,"column":8},"end":{"line":170,"column":61}},"24":{"start":{"line":172,"column":8},"end":{"line":172,"column":63}},"25":{"start":{"line":173,"column":8},"end":{"line":173,"column":78}},"26":{"start":{"line":177,"column":8},"end":{"line":177,"column":63}},"27":{"start":{"line":185,"column":8},"end":{"line":185,"column":65}},"28":{"start":{"line":187,"column":8},"end":{"line":187,"column":55}},"29":{"start":{"line":188,"column":8},"end":{"line":188,"column":66}},"30":{"start":{"line":190,"column":8},"end":{"line":190,"column":47}},"31":{"start":{"line":196,"column":8},"end":{"line":196,"column":22}},"32":{"start":{"line":199,"column":8},"end":{"line":199,"column":44}},"33":{"start":{"line":201,"column":8},"end":{"line":201,"column":50}},"34":{"start":{"line":213,"column":8},"end":{"line":213,"column":7636}},"35":{"start":{"line":214,"column":12},"end":{"line":214,"column":39}},"36":{"start":{"line":217,"column":8},"end":{"line":217,"column":55}},"37":{"start":{"line":220,"column":8},"end":{"line":220,"column":7832}},"38":{"start":{"line":221,"column":12},"end":{"line":221,"column":20}},"39":{"start":{"line":226,"column":8},"end":{"line":226,"column":70}},"40":{"start":{"line":227,"column":8},"end":{"line":227,"column":75}},"41":{"start":{"line":229,"column":8},"end":{"line":229,"column":20}},"42":{"start":{"line":238,"column":8},"end":{"line":238,"column":31}},"43":{"start":{"line":247,"column":8},"end":{"line":247,"column":55}},"44":{"start":{"line":248,"column":8},"end":{"line":248,"column":45}},"45":{"start":{"line":257,"column":8},"end":{"line":257,"column":55}},"46":{"start":{"line":259,"column":8},"end":{"line":259,"column":9071}},"47":{"start":{"line":260,"column":12},"end":{"line":260,"column":20}},"48":{"start":{"line":263,"column":8},"end":{"line":263,"column":53}}},"branchMap":{"1":{"line":95,"type":"if","locations":[{"start":{"line":95,"column":8},"end":{"line":95,"column":8}},{"start":{"line":95,"column":8},"end":{"line":95,"column":8}}]},"2":{"line":107,"type":"if","locations":[{"start":{"line":107,"column":8},"end":{"line":107,"column":8}},{"start":{"line":107,"column":8},"end":{"line":107,"column":8}}]},"3":{"line":110,"type":"if","locations":[{"start":{"line":110,"column":8},"end":{"line":110,"column":8}},{"start":{"line":110,"column":8},"end":{"line":110,"column":8}}]},"4":{"line":111,"type":"if","locations":[{"start":{"line":111,"column":8},"end":{"line":111,"column":8}},{"start":{"line":111,"column":8},"end":{"line":111,"column":8}}]},"5":{"line":112,"type":"if","locations":[{"start":{"line":112,"column":8},"end":{"line":112,"column":8}},{"start":{"line":112,"column":8},"end":{"line":112,"column":8}}]},"6":{"line":142,"type":"if","locations":[{"start":{"line":142,"column":71},"end":{"line":142,"column":71}},{"start":{"line":142,"column":71},"end":{"line":142,"column":71}}]},"7":{"line":143,"type":"if","locations":[{"start":{"line":143,"column":8},"end":{"line":143,"column":8}},{"start":{"line":143,"column":8},"end":{"line":143,"column":8}}]},"8":{"line":144,"type":"if","locations":[{"start":{"line":144,"column":8},"end":{"line":144,"column":8}},{"start":{"line":144,"column":8},"end":{"line":144,"column":8}}]},"9":{"line":147,"type":"if","locations":[{"start":{"line":147,"column":8},"end":{"line":147,"column":8}},{"start":{"line":147,"column":8},"end":{"line":147,"column":8}}]},"10":{"line":150,"type":"if","locations":[{"start":{"line":150,"column":8},"end":{"line":150,"column":8}},{"start":{"line":150,"column":8},"end":{"line":150,"column":8}}]},"11":{"line":164,"type":"if","locations":[{"start":{"line":164,"column":82},"end":{"line":164,"column":82}},{"start":{"line":164,"column":82},"end":{"line":164,"column":82}}]},"12":{"line":165,"type":"if","locations":[{"start":{"line":165,"column":8},"end":{"line":165,"column":8}},{"start":{"line":165,"column":8},"end":{"line":165,"column":8}}]},"13":{"line":166,"type":"if","locations":[{"start":{"line":166,"column":8},"end":{"line":166,"column":8}},{"start":{"line":166,"column":8},"end":{"line":166,"column":8}}]},"14":{"line":167,"type":"if","locations":[{"start":{"line":167,"column":8},"end":{"line":167,"column":8}},{"start":{"line":167,"column":8},"end":{"line":167,"column":8}}]},"15":{"line":170,"type":"if","locations":[{"start":{"line":170,"column":8},"end":{"line":170,"column":8}},{"start":{"line":170,"column":8},"end":{"line":170,"column":8}}]},"16":{"line":173,"type":"if","locations":[{"start":{"line":173,"column":8},"end":{"line":173,"column":8}},{"start":{"line":173,"column":8},"end":{"line":173,"column":8}}]},"17":{"line":184,"type":"if","locations":[{"start":{"line":184,"column":49},"end":{"line":184,"column":49}},{"start":{"line":184,"column":49},"end":{"line":184,"column":49}}]},"18":{"line":185,"type":"if","locations":[{"start":{"line":185,"column":8},"end":{"line":185,"column":8}},{"start":{"line":185,"column":8},"end":{"line":185,"column":8}}]},"19":{"line":188,"type":"if","locations":[{"start":{"line":188,"column":8},"end":{"line":188,"column":8}},{"start":{"line":188,"column":8},"end":{"line":188,"column":8}}]},"20":{"line":213,"type":"if","locations":[{"start":{"line":213,"column":8},"end":{"line":213,"column":8}},{"start":{"line":213,"column":8},"end":{"line":213,"column":8}}]},"21":{"line":220,"type":"if","locations":[{"start":{"line":220,"column":8},"end":{"line":220,"column":8}},{"start":{"line":220,"column":8},"end":{"line":220,"column":8}}]},"22":{"line":259,"type":"if","locations":[{"start":{"line":259,"column":8},"end":{"line":259,"column":8}},{"start":{"line":259,"column":8},"end":{"line":259,"column":8}}]}}},"contracts/dex/DEXFactory.sol":{"l":{"29":0,"30":0,"37":0,"47":0,"48":0,"49":0,"50":0,"52":0,"53":0,"54":0,"58":0,"59":0,"60":0,"61":0,"63":0,"71":0,"72":0,"73":0},"path":"/Users/rocky243/Desktop/paimon.dex/demo-nft-paimon/contracts/dex/DEXFactory.sol","s":{"1":0,"2":0,"3":0,"4":0,"5":0,"6":0,"7":0,"8":0,"9":0,"10":0,"11":0,"12":0,"13":0},"b":{"1":[0,0],"2":[0,0],"3":[0,0],"4":[0,0],"5":[0,0],"6":[0,0],"7":[0,0]},"f":{"1":0,"2":0,"3":0,"4":0},"fnMap":{"1":{"name":"constructor","line":28,"loc":{"start":{"line":28,"column":4},"end":{"line":31,"column":4}}},"2":{"name":"allPairsLength","line":36,"loc":{"start":{"line":36,"column":4},"end":{"line":38,"column":4}}},"3":{"name":"createPair","line":46,"loc":{"start":{"line":46,"column":4},"end":{"line":64,"column":4}}},"4":{"name":"setTreasury","line":70,"loc":{"start":{"line":70,"column":4},"end":{"line":74,"column":4}}}},"statementMap":{"1":{"start":{"line":29,"column":8},"end":{"line":29,"column":55}},"2":{"start":{"line":37,"column":8},"end":{"line":37,"column":30}},"3":{"start":{"line":47,"column":8},"end":{"line":47,"column":55}},"4":{"start":{"line":48,"column":8},"end":{"line":48,"column":96}},"5":{"start":{"line":49,"column":8},"end":{"line":49,"column":52}},"6":{"start":{"line":50,"column":8},"end":{"line":50,"column":68}},"7":{"start":{"line":52,"column":8},"end":{"line":52,"column":58}},"8":{"start":{"line":53,"column":8},"end":{"line":53,"column":66}},"9":{"start":{"line":58,"column":8},"end":{"line":58,"column":47}},"10":{"start":{"line":61,"column":8},"end":{"line":61,"column":26}},"11":{"start":{"line":63,"column":8},"end":{"line":63,"column":63}},"12":{"start":{"line":71,"column":8},"end":{"line":71,"column":51}},"13":{"start":{"line":72,"column":8},"end":{"line":72,"column":55}}},"branchMap":{"1":{"line":29,"type":"if","locations":[{"start":{"line":29,"column":8},"end":{"line":29,"column":8}},{"start":{"line":29,"column":8},"end":{"line":29,"column":8}}]},"2":{"line":47,"type":"if","locations":[{"start":{"line":47,"column":8},"end":{"line":47,"column":8}},{"start":{"line":47,"column":8},"end":{"line":47,"column":8}}]},"3":{"line":48,"type":"if","locations":[{"start":{"line":48,"column":61},"end":{"line":48,"column":76}},{"start":{"line":48,"column":80},"end":{"line":48,"column":95}}]},"4":{"line":49,"type":"if","locations":[{"start":{"line":49,"column":8},"end":{"line":49,"column":8}},{"start":{"line":49,"column":8},"end":{"line":49,"column":8}}]},"5":{"line":50,"type":"if","locations":[{"start":{"line":50,"column":8},"end":{"line":50,"column":8}},{"start":{"line":50,"column":8},"end":{"line":50,"column":8}}]},"6":{"line":71,"type":"if","locations":[{"start":{"line":71,"column":8},"end":{"line":71,"column":8}},{"start":{"line":71,"column":8},"end":{"line":71,"column":8}}]},"7":{"line":72,"type":"if","locations":[{"start":{"line":72,"column":8},"end":{"line":72,"column":8}},{"start":{"line":72,"column":8},"end":{"line":72,"column":8}}]}}},"contracts/dex/DEXPair.sol":{"l":{"103":0,"112":0,"113":0,"114":0,"124":0,"125":0,"126":0,"135":0,"136":0,"137":0,"138":0,"139":0,"140":0,"149":0,"150":0,"151":0,"152":0,"153":0,"155":0,"156":0,"158":0,"159":0,"160":0,"161":0,"164":0,"167":0,"168":0,"170":0,"171":0,"181":0,"182":0,"183":0,"184":0,"185":0,"186":0,"188":0,"189":0,"190":0,"191":0,"193":0,"194":0,"195":0,"197":0,"198":0,"200":0,"201":0,"211":0,"212":0,"213":0,"215":0,"216":0,"217":0,"218":0,"219":0,"220":0,"222":0,"223":0,"225":0,"226":0,"229":0,"232":0,"236":0,"239":0,"240":0,"242":0,"243":0,"244":0,"245":0,"248":0,"249":0,"250":0,"251":0,"255":0,"256":0,"257":0,"258":0,"264":0,"265":0,"272":0,"273":0,"274":0,"275":0,"282":0,"295":0,"296":0,"298":0,"299":0,"301":0,"302":0,"303":0,"306":0,"307":0,"308":0,"319":0,"320":0,"322":0,"323":0,"324":0,"327":0,"328":0,"329":0},"path":"/Users/rocky243/Desktop/paimon.dex/demo-nft-paimon/contracts/dex/DEXPair.sol","s":{"1":0,"2":0,"3":0,"4":0,"5":0,"6":0,"7":0,"8":0,"9":0,"10":0,"11":0,"12":0,"13":0,"14":0,"15":0,"16":0,"17":0,"18":0,"19":0,"20":0,"21":0,"22":0,"23":0,"24":0,"25":0,"26":0,"27":0,"28":0,"29":0,"30":0,"31":0,"32":0,"33":0,"34":0,"35":0,"36":0,"37":0,"38":0,"39":0,"40":0,"41":0,"42":0,"43":0,"44":0,"45":0,"46":0,"47":0,"48":0,"49":0,"50":0,"51":0,"52":0,"53":0,"54":0,"55":0,"56":0,"57":0,"58":0,"59":0,"60":0,"61":0,"62":0,"63":0,"64":0,"65":0,"66":0,"67":0,"68":0,"69":0,"70":0,"71":0,"72":0,"73":0,"74":0},"b":{"1":[0,0],"2":[0,0],"3":[0,0],"4":[0,0],"5":[0,0],"6":[0,0],"7":[0,0],"8":[0,0],"9":[0,0],"10":[0,0],"11":[0,0],"12":[0,0],"13":[0,0],"14":[0,0],"15":[0,0],"16":[0,0],"17":[0,0],"18":[0,0],"19":[0,0],"20":[0,0],"21":[0,0],"22":[0,0],"23":[0,0],"24":[0,0],"25":[0,0],"26":[0,0],"27":[0,0],"28":[0,0],"29":[0,0],"30":[0,0],"31":[0,0]},"f":{"1":0,"2":0,"3":0,"4":0,"5":0,"6":0,"7":0,"8":0,"9":0,"10":0,"11":0},"fnMap":{"1":{"name":"constructor","line":102,"loc":{"start":{"line":102,"column":4},"end":{"line":104,"column":4}}},"2":{"name":"initialize","line":111,"loc":{"start":{"line":111,"column":4},"end":{"line":115,"column":4}}},"3":{"name":"getReserves","line":123,"loc":{"start":{"line":123,"column":4},"end":{"line":127,"column":4}}},"4":{"name":"_update","line":134,"loc":{"start":{"line":134,"column":4},"end":{"line":141,"column":4}}},"5":{"name":"mint","line":148,"loc":{"start":{"line":148,"column":4},"end":{"line":172,"column":4}}},"6":{"name":"burn","line":180,"loc":{"start":{"line":180,"column":4},"end":{"line":202,"column":4}}},"7":{"name":"swap","line":210,"loc":{"start":{"line":210,"column":4},"end":{"line":266,"column":4}}},"8":{"name":"skim","line":271,"loc":{"start":{"line":271,"column":4},"end":{"line":276,"column":4}}},"9":{"name":"sync","line":281,"loc":{"start":{"line":281,"column":4},"end":{"line":288,"column":4}}},"10":{"name":"claimTreasuryFees","line":294,"loc":{"start":{"line":294,"column":4},"end":{"line":310,"column":4}}},"11":{"name":"claimVoterFees","line":316,"loc":{"start":{"line":316,"column":4},"end":{"line":331,"column":4}}}},"statementMap":{"1":{"start":{"line":112,"column":8},"end":{"line":112,"column":50}},"2":{"start":{"line":135,"column":8},"end":{"line":135,"column":90}},"3":{"start":{"line":136,"column":8},"end":{"line":136,"column":63}},"4":{"start":{"line":140,"column":8},"end":{"line":140,"column":37}},"5":{"start":{"line":149,"column":8},"end":{"line":149,"column":63}},"6":{"start":{"line":150,"column":8},"end":{"line":150,"column":95}},"7":{"start":{"line":151,"column":8},"end":{"line":151,"column":95}},"8":{"start":{"line":152,"column":8},"end":{"line":152,"column":46}},"9":{"start":{"line":153,"column":8},"end":{"line":153,"column":46}},"10":{"start":{"line":155,"column":8},"end":{"line":155,"column":44}},"11":{"start":{"line":156,"column":8},"end":{"line":156,"column":5309}},"12":{"start":{"line":158,"column":12},"end":{"line":158,"column":56}},"13":{"start":{"line":159,"column":12},"end":{"line":159,"column":78}},"14":{"start":{"line":161,"column":12},"end":{"line":161,"column":49}},"15":{"start":{"line":167,"column":8},"end":{"line":167,"column":62}},"16":{"start":{"line":168,"column":8},"end":{"line":168,"column":27}},"17":{"start":{"line":170,"column":8},"end":{"line":170,"column":56}},"18":{"start":{"line":171,"column":8},"end":{"line":171,"column":47}},"19":{"start":{"line":181,"column":8},"end":{"line":181,"column":63}},"20":{"start":{"line":182,"column":8},"end":{"line":182,"column":32}},"21":{"start":{"line":183,"column":8},"end":{"line":183,"column":32}},"22":{"start":{"line":184,"column":8},"end":{"line":184,"column":96}},"23":{"start":{"line":185,"column":8},"end":{"line":185,"column":96}},"24":{"start":{"line":186,"column":8},"end":{"line":186,"column":52}},"25":{"start":{"line":188,"column":8},"end":{"line":188,"column":44}},"26":{"start":{"line":191,"column":8},"end":{"line":191,"column":75}},"27":{"start":{"line":193,"column":8},"end":{"line":193,"column":38}},"28":{"start":{"line":194,"column":8},"end":{"line":194,"column":48}},"29":{"start":{"line":195,"column":8},"end":{"line":195,"column":48}},"30":{"start":{"line":200,"column":8},"end":{"line":200,"column":56}},"31":{"start":{"line":201,"column":8},"end":{"line":201,"column":51}},"32":{"start":{"line":211,"column":8},"end":{"line":211,"column":78}},"33":{"start":{"line":212,"column":8},"end":{"line":212,"column":63}},"34":{"start":{"line":213,"column":8},"end":{"line":213,"column":90}},"35":{"start":{"line":215,"column":8},"end":{"line":215,"column":24}},"36":{"start":{"line":216,"column":8},"end":{"line":216,"column":24}},"37":{"start":{"line":218,"column":12},"end":{"line":218,"column":36}},"38":{"start":{"line":219,"column":12},"end":{"line":219,"column":36}},"39":{"start":{"line":220,"column":12},"end":{"line":220,"column":64}},"40":{"start":{"line":222,"column":12},"end":{"line":222,"column":76}},"41":{"start":{"line":222,"column":32},"end":{"line":222,"column":75}},"42":{"start":{"line":223,"column":12},"end":{"line":223,"column":76}},"43":{"start":{"line":223,"column":32},"end":{"line":223,"column":75}},"44":{"start":{"line":229,"column":8},"end":{"line":229,"column":8597}},"45":{"start":{"line":232,"column":8},"end":{"line":232,"column":8784}},"46":{"start":{"line":236,"column":8},"end":{"line":236,"column":75}},"47":{"start":{"line":239,"column":8},"end":{"line":239,"column":24}},"48":{"start":{"line":240,"column":8},"end":{"line":240,"column":24}},"49":{"start":{"line":242,"column":8},"end":{"line":242,"column":9135}},"50":{"start":{"line":248,"column":8},"end":{"line":248,"column":9359}},"51":{"start":{"line":256,"column":12},"end":{"line":256,"column":122}},"52":{"start":{"line":257,"column":12},"end":{"line":257,"column":122}},"53":{"start":{"line":258,"column":12},"end":{"line":258,"column":9899}},"54":{"start":{"line":264,"column":8},"end":{"line":264,"column":114}},"55":{"start":{"line":265,"column":8},"end":{"line":265,"column":79}},"56":{"start":{"line":272,"column":8},"end":{"line":272,"column":32}},"57":{"start":{"line":273,"column":8},"end":{"line":273,"column":32}},"58":{"start":{"line":274,"column":8},"end":{"line":274,"column":121}},"59":{"start":{"line":275,"column":8},"end":{"line":275,"column":121}},"60":{"start":{"line":282,"column":8},"end":{"line":282,"column":10833}},"61":{"start":{"line":295,"column":8},"end":{"line":295,"column":62}},"62":{"start":{"line":296,"column":8},"end":{"line":296,"column":58}},"63":{"start":{"line":298,"column":8},"end":{"line":298,"column":46}},"64":{"start":{"line":299,"column":8},"end":{"line":299,"column":46}},"65":{"start":{"line":301,"column":8},"end":{"line":301,"column":11457}},"66":{"start":{"line":303,"column":12},"end":{"line":303,"column":58}},"67":{"start":{"line":306,"column":8},"end":{"line":306,"column":11594}},"68":{"start":{"line":308,"column":12},"end":{"line":308,"column":58}},"69":{"start":{"line":319,"column":8},"end":{"line":319,"column":40}},"70":{"start":{"line":320,"column":8},"end":{"line":320,"column":40}},"71":{"start":{"line":322,"column":8},"end":{"line":322,"column":12120}},"72":{"start":{"line":324,"column":12},"end":{"line":324,"column":55}},"73":{"start":{"line":327,"column":8},"end":{"line":327,"column":12248}},"74":{"start":{"line":329,"column":12},"end":{"line":329,"column":55}}},"branchMap":{"1":{"line":112,"type":"if","locations":[{"start":{"line":112,"column":8},"end":{"line":112,"column":8}},{"start":{"line":112,"column":8},"end":{"line":112,"column":8}}]},"2":{"line":135,"type":"if","locations":[{"start":{"line":135,"column":8},"end":{"line":135,"column":8}},{"start":{"line":135,"column":8},"end":{"line":135,"column":8}}]},"3":{"line":148,"type":"if","locations":[{"start":{"line":148,"column":39},"end":{"line":148,"column":39}},{"start":{"line":148,"column":39},"end":{"line":148,"column":39}}]},"4":{"line":156,"type":"if","locations":[{"start":{"line":156,"column":8},"end":{"line":156,"column":8}},{"start":{"line":156,"column":8},"end":{"line":156,"column":8}}]},"5":{"line":159,"type":"if","locations":[{"start":{"line":159,"column":12},"end":{"line":159,"column":12}},{"start":{"line":159,"column":12},"end":{"line":159,"column":12}}]},"6":{"line":167,"type":"if","locations":[{"start":{"line":167,"column":8},"end":{"line":167,"column":8}},{"start":{"line":167,"column":8},"end":{"line":167,"column":8}}]},"7":{"line":180,"type":"if","locations":[{"start":{"line":180,"column":39},"end":{"line":180,"column":39}},{"start":{"line":180,"column":39},"end":{"line":180,"column":39}}]},"8":{"line":191,"type":"if","locations":[{"start":{"line":191,"column":8},"end":{"line":191,"column":8}},{"start":{"line":191,"column":8},"end":{"line":191,"column":8}}]},"9":{"line":210,"type":"if","locations":[{"start":{"line":210,"column":106},"end":{"line":210,"column":106}},{"start":{"line":210,"column":106},"end":{"line":210,"column":106}}]},"10":{"line":211,"type":"if","locations":[{"start":{"line":211,"column":8},"end":{"line":211,"column":8}},{"start":{"line":211,"column":8},"end":{"line":211,"column":8}}]},"11":{"line":211,"type":"cond-expr","locations":[{"start":{"line":211,"column":16},"end":{"line":211,"column":29}},{"start":{"line":211,"column":34},"end":{"line":211,"column":47}}]},"12":{"line":213,"type":"if","locations":[{"start":{"line":213,"column":8},"end":{"line":213,"column":8}},{"start":{"line":213,"column":8},"end":{"line":213,"column":8}}]},"13":{"line":220,"type":"if","locations":[{"start":{"line":220,"column":12},"end":{"line":220,"column":12}},{"start":{"line":220,"column":12},"end":{"line":220,"column":12}}]},"14":{"line":222,"type":"if","locations":[{"start":{"line":222,"column":12},"end":{"line":222,"column":12}},{"start":{"line":222,"column":12},"end":{"line":222,"column":12}}]},"15":{"line":223,"type":"if","locations":[{"start":{"line":223,"column":12},"end":{"line":223,"column":12}},{"start":{"line":223,"column":12},"end":{"line":223,"column":12}}]},"16":{"line":230,"type":"if","locations":[{"start":{"line":230,"column":14},"end":{"line":230,"column":77}},{"start":{"line":231,"column":14},"end":{"line":231,"column":14}}]},"17":{"line":233,"type":"if","locations":[{"start":{"line":233,"column":14},"end":{"line":233,"column":77}},{"start":{"line":234,"column":14},"end":{"line":234,"column":14}}]},"18":{"line":236,"type":"if","locations":[{"start":{"line":236,"column":8},"end":{"line":236,"column":8}},{"start":{"line":236,"column":8},"end":{"line":236,"column":8}}]},"19":{"line":236,"type":"cond-expr","locations":[{"start":{"line":236,"column":16},"end":{"line":236,"column":28}},{"start":{"line":236,"column":33},"end":{"line":236,"column":45}}]},"20":{"line":242,"type":"if","locations":[{"start":{"line":242,"column":8},"end":{"line":242,"column":8}},{"start":{"line":242,"column":8},"end":{"line":242,"column":8}}]},"21":{"line":248,"type":"if","locations":[{"start":{"line":248,"column":8},"end":{"line":248,"column":8}},{"start":{"line":248,"column":8},"end":{"line":248,"column":8}}]},"22":{"line":258,"type":"if","locations":[{"start":{"line":258,"column":12},"end":{"line":258,"column":12}},{"start":{"line":258,"column":12},"end":{"line":258,"column":12}}]},"23":{"line":271,"type":"if","locations":[{"start":{"line":271,"column":39},"end":{"line":271,"column":39}},{"start":{"line":271,"column":39},"end":{"line":271,"column":39}}]},"24":{"line":281,"type":"if","locations":[{"start":{"line":281,"column":29},"end":{"line":281,"column":29}},{"start":{"line":281,"column":29},"end":{"line":281,"column":29}}]},"25":{"line":294,"type":"if","locations":[{"start":{"line":294,"column":52},"end":{"line":294,"column":52}},{"start":{"line":294,"column":52},"end":{"line":294,"column":52}}]},"26":{"line":296,"type":"if","locations":[{"start":{"line":296,"column":8},"end":{"line":296,"column":8}},{"start":{"line":296,"column":8},"end":{"line":296,"column":8}}]},"27":{"line":301,"type":"if","locations":[{"start":{"line":301,"column":8},"end":{"line":301,"column":8}},{"start":{"line":301,"column":8},"end":{"line":301,"column":8}}]},"28":{"line":306,"type":"if","locations":[{"start":{"line":306,"column":8},"end":{"line":306,"column":8}},{"start":{"line":306,"column":8},"end":{"line":306,"column":8}}]},"29":{"line":316,"type":"if","locations":[{"start":{"line":316,"column":49},"end":{"line":316,"column":49}},{"start":{"line":316,"column":49},"end":{"line":316,"column":49}}]},"30":{"line":322,"type":"if","locations":[{"start":{"line":322,"column":8},"end":{"line":322,"column":8}},{"start":{"line":322,"column":8},"end":{"line":322,"column":8}}]},"31":{"line":327,"type":"if","locations":[{"start":{"line":327,"column":8},"end":{"line":327,"column":8}},{"start":{"line":327,"column":8},"end":{"line":327,"column":8}}]}}},"contracts/dex/libraries/Math.sol":{"l":{"15":0,"16":0,"17":0,"18":0,"19":0,"20":0,"23":0,"31":0},"path":"/Users/rocky243/Desktop/paimon.dex/demo-nft-paimon/contracts/dex/libraries/Math.sol","s":{"1":0,"2":0,"3":0,"4":0},"b":{"1":[0,0],"2":[0,0],"3":[0,0]},"f":{"1":0,"2":0},"fnMap":{"1":{"name":"sqrt","line":14,"loc":{"start":{"line":14,"column":4},"end":{"line":25,"column":4}}},"2":{"name":"min","line":30,"loc":{"start":{"line":30,"column":4},"end":{"line":32,"column":4}}}},"statementMap":{"1":{"start":{"line":15,"column":8},"end":{"line":15,"column":362}},"2":{"start":{"line":17,"column":12},"end":{"line":17,"column":33}},"3":{"start":{"line":18,"column":12},"end":{"line":18,"column":445}},"4":{"start":{"line":22,"column":15},"end":{"line":22,"column":546}}},"branchMap":{"1":{"line":15,"type":"if","locations":[{"start":{"line":15,"column":8},"end":{"line":15,"column":8}},{"start":{"line":15,"column":8},"end":{"line":15,"column":8}}]},"2":{"line":22,"type":"if","locations":[{"start":{"line":22,"column":15},"end":{"line":22,"column":15}},{"start":{"line":22,"column":15},"end":{"line":22,"column":15}}]},"3":{"line":31,"type":"if","locations":[{"start":{"line":31,"column":20},"end":{"line":31,"column":20}},{"start":{"line":31,"column":24},"end":{"line":31,"column":24}}]}}},"contracts/governance/BribeMarketplace.sol":{"l":{"102":1,"103":1,"105":1,"106":1,"107":1,"108":1,"117":32,"118":31,"119":31,"130":33,"131":32,"132":31,"135":30,"136":30,"139":30,"140":29,"143":29,"144":29,"153":29,"155":29,"164":14,"165":13,"167":12,"170":12,"171":12,"174":10,"175":10,"176":9,"177":9,"180":9,"181":8,"182":8,"186":9,"187":9,"190":9,"193":9,"195":9,"203":1,"204":0,"222":0,"223":0},"path":"/Users/rocky243/Desktop/paimon.dex/demo-nft-paimon/contracts/governance/BribeMarketplace.sol","s":{"1":1,"2":1,"3":32,"4":31,"5":33,"6":32,"7":31,"8":30,"9":30,"10":30,"11":29,"12":29,"13":29,"14":14,"15":13,"16":12,"17":12,"18":12,"19":10,"20":10,"21":9,"22":9,"23":9,"24":8,"25":9,"26":9,"27":9,"28":9,"29":1,"30":0,"31":0},"b":{"1":[1,0],"2":[1,0],"3":[32,1],"4":[31,1],"5":[33,0],"6":[32,1],"7":[31,1],"8":[30,1],"9":[14,0],"10":[13,1],"11":[12,1],"12":[10,2],"13":[9,1],"14":[9,0],"15":[9,0],"16":[8,1],"17":[8,0],"18":[9,0],"19":[1,1],"20":[0,1]},"f":{"1":1,"2":32,"3":33,"4":14,"5":1,"6":0},"fnMap":{"1":{"name":"constructor","line":101,"loc":{"start":{"line":101,"column":4},"end":{"line":109,"column":4}}},"2":{"name":"whitelistToken","line":116,"loc":{"start":{"line":116,"column":4},"end":{"line":120,"column":4}}},"3":{"name":"createBribe","line":129,"loc":{"start":{"line":129,"column":4},"end":{"line":156,"column":4}}},"4":{"name":"claimBribe","line":163,"loc":{"start":{"line":163,"column":4},"end":{"line":196,"column":4}}},"5":{"name":"setTreasury","line":202,"loc":{"start":{"line":202,"column":4},"end":{"line":205,"column":4}}},"6":{"name":"getBribe","line":217,"loc":{"start":{"line":217,"column":4},"end":{"line":224,"column":4}}}},"statementMap":{"1":{"start":{"line":102,"column":8},"end":{"line":102,"column":73}},"2":{"start":{"line":103,"column":8},"end":{"line":103,"column":59}},"3":{"start":{"line":117,"column":8},"end":{"line":117,"column":52}},"4":{"start":{"line":119,"column":8},"end":{"line":119,"column":49}},"5":{"start":{"line":130,"column":8},"end":{"line":130,"column":48}},"6":{"start":{"line":131,"column":8},"end":{"line":131,"column":52}},"7":{"start":{"line":132,"column":8},"end":{"line":132,"column":61}},"8":{"start":{"line":135,"column":8},"end":{"line":135,"column":59}},"9":{"start":{"line":136,"column":8},"end":{"line":136,"column":40}},"10":{"start":{"line":139,"column":8},"end":{"line":139,"column":75}},"11":{"start":{"line":140,"column":8},"end":{"line":140,"column":64}},"12":{"start":{"line":143,"column":8},"end":{"line":143,"column":37}},"13":{"start":{"line":155,"column":8},"end":{"line":155,"column":75}},"14":{"start":{"line":164,"column":8},"end":{"line":164,"column":57}},"15":{"start":{"line":165,"column":8},"end":{"line":165,"column":64}},"16":{"start":{"line":167,"column":8},"end":{"line":167,"column":45}},"17":{"start":{"line":170,"column":8},"end":{"line":170,"column":74}},"18":{"start":{"line":171,"column":8},"end":{"line":171,"column":55}},"19":{"start":{"line":174,"column":8},"end":{"line":174,"column":107}},"20":{"start":{"line":175,"column":8},"end":{"line":175,"column":67}},"21":{"start":{"line":176,"column":8},"end":{"line":176,"column":68}},"22":{"start":{"line":177,"column":8},"end":{"line":177,"column":49}},"23":{"start":{"line":180,"column":8},"end":{"line":180,"column":6571}},"24":{"start":{"line":182,"column":12},"end":{"line":182,"column":62}},"25":{"start":{"line":186,"column":8},"end":{"line":186,"column":74}},"26":{"start":{"line":187,"column":8},"end":{"line":187,"column":46}},"27":{"start":{"line":193,"column":8},"end":{"line":193,"column":62}},"28":{"start":{"line":195,"column":8},"end":{"line":195,"column":66}},"29":{"start":{"line":203,"column":8},"end":{"line":203,"column":59}},"30":{"start":{"line":222,"column":8},"end":{"line":222,"column":45}},"31":{"start":{"line":223,"column":8},"end":{"line":223,"column":101}}},"branchMap":{"1":{"line":102,"type":"if","locations":[{"start":{"line":102,"column":8},"end":{"line":102,"column":8}},{"start":{"line":102,"column":8},"end":{"line":102,"column":8}}]},"2":{"line":103,"type":"if","locations":[{"start":{"line":103,"column":8},"end":{"line":103,"column":8}},{"start":{"line":103,"column":8},"end":{"line":103,"column":8}}]},"3":{"line":116,"type":"if","locations":[{"start":{"line":116,"column":70},"end":{"line":116,"column":70}},{"start":{"line":116,"column":70},"end":{"line":116,"column":70}}]},"4":{"line":117,"type":"if","locations":[{"start":{"line":117,"column":8},"end":{"line":117,"column":8}},{"start":{"line":117,"column":8},"end":{"line":117,"column":8}}]},"5":{"line":129,"type":"if","locations":[{"start":{"line":129,"column":95},"end":{"line":129,"column":95}},{"start":{"line":129,"column":95},"end":{"line":129,"column":95}}]},"6":{"line":130,"type":"if","locations":[{"start":{"line":130,"column":8},"end":{"line":130,"column":8}},{"start":{"line":130,"column":8},"end":{"line":130,"column":8}}]},"7":{"line":131,"type":"if","locations":[{"start":{"line":131,"column":8},"end":{"line":131,"column":8}},{"start":{"line":131,"column":8},"end":{"line":131,"column":8}}]},"8":{"line":132,"type":"if","locations":[{"start":{"line":132,"column":8},"end":{"line":132,"column":8}},{"start":{"line":132,"column":8},"end":{"line":132,"column":8}}]},"9":{"line":163,"type":"if","locations":[{"start":{"line":163,"column":67},"end":{"line":163,"column":67}},{"start":{"line":163,"column":67},"end":{"line":163,"column":67}}]},"10":{"line":164,"type":"if","locations":[{"start":{"line":164,"column":8},"end":{"line":164,"column":8}},{"start":{"line":164,"column":8},"end":{"line":164,"column":8}}]},"11":{"line":165,"type":"if","locations":[{"start":{"line":165,"column":8},"end":{"line":165,"column":8}},{"start":{"line":165,"column":8},"end":{"line":165,"column":8}}]},"12":{"line":171,"type":"if","locations":[{"start":{"line":171,"column":8},"end":{"line":171,"column":8}},{"start":{"line":171,"column":8},"end":{"line":171,"column":8}}]},"13":{"line":175,"type":"if","locations":[{"start":{"line":175,"column":8},"end":{"line":175,"column":8}},{"start":{"line":175,"column":8},"end":{"line":175,"column":8}}]},"14":{"line":176,"type":"if","locations":[{"start":{"line":176,"column":8},"end":{"line":176,"column":8}},{"start":{"line":176,"column":8},"end":{"line":176,"column":8}}]},"15":{"line":177,"type":"if","locations":[{"start":{"line":177,"column":8},"end":{"line":177,"column":8}},{"start":{"line":177,"column":8},"end":{"line":177,"column":8}}]},"16":{"line":180,"type":"if","locations":[{"start":{"line":180,"column":8},"end":{"line":180,"column":8}},{"start":{"line":180,"column":8},"end":{"line":180,"column":8}}]},"17":{"line":182,"type":"if","locations":[{"start":{"line":182,"column":12},"end":{"line":182,"column":12}},{"start":{"line":182,"column":12},"end":{"line":182,"column":12}}]},"18":{"line":187,"type":"if","locations":[{"start":{"line":187,"column":8},"end":{"line":187,"column":8}},{"start":{"line":187,"column":8},"end":{"line":187,"column":8}}]},"19":{"line":202,"type":"if","locations":[{"start":{"line":202,"column":53},"end":{"line":202,"column":53}},{"start":{"line":202,"column":53},"end":{"line":202,"column":53}}]},"20":{"line":203,"type":"if","locations":[{"start":{"line":203,"column":8},"end":{"line":203,"column":8}},{"start":{"line":203,"column":8},"end":{"line":203,"column":8}}]}}},"contracts/governance/GaugeController.sol":{"l":{"113":1,"114":1,"115":1,"116":1,"129":2,"130":2,"132":2,"133":2,"138":2,"139":2,"141":2,"151":0,"153":0,"155":0,"167":13,"169":13,"171":1,"172":1,"173":1,"182":0,"184":0,"185":0,"186":0,"189":0,"209":12,"212":12,"213":12,"214":12,"217":12,"218":12,"220":12,"223":12,"226":12,"227":12,"228":12,"231":12,"234":12,"235":12,"238":12,"241":12,"244":12,"246":12,"262":0,"265":0,"266":0,"269":0,"270":0,"272":0,"275":0,"278":0,"281":0,"282":0,"283":0,"284":0,"287":0,"288":0,"289":0,"292":0,"295":0,"298":0,"299":0,"302":0,"305":0,"308":0,"309":0,"314":0,"317":0,"319":0,"332":19,"333":20,"334":19,"337":0,"349":10,"350":10,"351":10,"354":10,"355":20,"356":20,"357":10,"358":10,"362":10,"364":10,"365":10,"366":10,"368":0,"369":0,"380":8,"381":8,"382":0,"384":8},"path":"/Users/rocky243/Desktop/paimon.dex/demo-nft-paimon/contracts/governance/GaugeController.sol","s":{"1":1,"2":2,"3":2,"4":2,"5":2,"6":0,"7":0,"8":13,"9":13,"10":1,"11":0,"12":0,"13":0,"14":0,"15":0,"16":12,"17":12,"18":12,"19":12,"20":12,"21":12,"22":12,"23":12,"24":12,"25":12,"26":12,"27":12,"28":12,"29":12,"30":12,"31":0,"32":0,"33":0,"34":0,"35":0,"36":0,"37":0,"38":0,"39":0,"40":0,"41":0,"42":0,"43":0,"44":0,"45":0,"46":0,"47":0,"48":0,"49":0,"50":0,"51":19,"52":20,"53":19,"54":0,"55":10,"56":10,"57":10,"58":20,"59":20,"60":10,"61":10,"62":8,"63":8,"64":0,"65":8},"b":{"1":[1,0],"2":[2,0],"3":[2,0],"4":[2,0],"5":[0,0],"6":[0,0],"7":[1,12],"8":[0,0],"9":[12,0],"10":[12,0],"11":[12,0],"12":[12,0],"13":[12,0],"14":[12,0],"15":[0,0],"16":[0,0],"17":[0,0],"18":[0,0],"19":[0,0],"20":[0,0],"21":[0,0],"22":[0,0],"23":[19,1],"24":[10,10],"25":[10,0],"26":[0,8]},"f":{"1":1,"2":2,"3":0,"4":13,"5":0,"6":12,"7":0,"8":19,"9":10,"10":8},"fnMap":{"1":{"name":"constructor","line":112,"loc":{"start":{"line":112,"column":4},"end":{"line":117,"column":4}}},"2":{"name":"addGauge","line":128,"loc":{"start":{"line":128,"column":4},"end":{"line":142,"column":4}}},"3":{"name":"setGaugeActive","line":150,"loc":{"start":{"line":150,"column":4},"end":{"line":156,"column":4}}},"4":{"name":"advanceEpoch","line":166,"loc":{"start":{"line":166,"column":4},"end":{"line":175,"column":4}}},"5":{"name":"getCurrentEpoch","line":181,"loc":{"start":{"line":181,"column":4},"end":{"line":190,"column":4}}},"6":{"name":"vote","line":207,"loc":{"start":{"line":203,"column":4},"end":{"line":247,"column":4}}},"7":{"name":"batchVote","line":260,"loc":{"start":{"line":256,"column":4},"end":{"line":320,"column":4}}},"8":{"name":"getGaugeIdByAddress","line":331,"loc":{"start":{"line":331,"column":4},"end":{"line":338,"column":4}}},"9":{"name":"getUserVote","line":348,"loc":{"start":{"line":348,"column":4},"end":{"line":371,"column":4}}},"10":{"name":"getGaugeWeightByAddress","line":379,"loc":{"start":{"line":379,"column":4},"end":{"line":385,"column":4}}}},"statementMap":{"1":{"start":{"line":113,"column":8},"end":{"line":113,"column":75}},"2":{"start":{"line":129,"column":8},"end":{"line":129,"column":68}},"3":{"start":{"line":130,"column":8},"end":{"line":130,"column":67}},"4":{"start":{"line":132,"column":8},"end":{"line":132,"column":36}},"5":{"start":{"line":141,"column":8},"end":{"line":141,"column":47}},"6":{"start":{"line":151,"column":8},"end":{"line":151,"column":54}},"7":{"start":{"line":155,"column":8},"end":{"line":155,"column":58}},"8":{"start":{"line":167,"column":8},"end":{"line":167,"column":62}},"9":{"start":{"line":169,"column":8},"end":{"line":169,"column":5890}},"10":{"start":{"line":171,"column":12},"end":{"line":171,"column":63}},"11":{"start":{"line":182,"column":8},"end":{"line":182,"column":62}},"12":{"start":{"line":184,"column":8},"end":{"line":184,"column":6412}},"13":{"start":{"line":185,"column":12},"end":{"line":185,"column":63}},"14":{"start":{"line":186,"column":12},"end":{"line":186,"column":46}},"15":{"start":{"line":189,"column":8},"end":{"line":189,"column":27}},"16":{"start":{"line":209,"column":8},"end":{"line":209,"column":21}},"17":{"start":{"line":212,"column":8},"end":{"line":212,"column":54}},"18":{"start":{"line":213,"column":8},"end":{"line":213,"column":61}},"19":{"start":{"line":214,"column":8},"end":{"line":214,"column":66}},"20":{"start":{"line":217,"column":8},"end":{"line":217,"column":59}},"21":{"start":{"line":218,"column":8},"end":{"line":218,"column":59}},"22":{"start":{"line":220,"column":8},"end":{"line":220,"column":36}},"23":{"start":{"line":223,"column":8},"end":{"line":223,"column":64}},"24":{"start":{"line":226,"column":8},"end":{"line":226,"column":73}},"25":{"start":{"line":227,"column":8},"end":{"line":227,"column":77}},"26":{"start":{"line":228,"column":8},"end":{"line":228,"column":87}},"27":{"start":{"line":231,"column":8},"end":{"line":231,"column":65}},"28":{"start":{"line":234,"column":8},"end":{"line":234,"column":76}},"29":{"start":{"line":235,"column":8},"end":{"line":235,"column":74}},"30":{"start":{"line":246,"column":8},"end":{"line":246,"column":66}},"31":{"start":{"line":262,"column":8},"end":{"line":262,"column":21}},"32":{"start":{"line":265,"column":8},"end":{"line":265,"column":76}},"33":{"start":{"line":266,"column":8},"end":{"line":266,"column":51}},"34":{"start":{"line":269,"column":8},"end":{"line":269,"column":59}},"35":{"start":{"line":270,"column":8},"end":{"line":270,"column":59}},"36":{"start":{"line":272,"column":8},"end":{"line":272,"column":36}},"37":{"start":{"line":275,"column":8},"end":{"line":275,"column":65}},"38":{"start":{"line":278,"column":8},"end":{"line":278,"column":70}},"39":{"start":{"line":281,"column":8},"end":{"line":281,"column":41}},"40":{"start":{"line":282,"column":8},"end":{"line":282,"column":9880}},"41":{"start":{"line":283,"column":12},"end":{"line":283,"column":42}},"42":{"start":{"line":284,"column":12},"end":{"line":284,"column":40}},"43":{"start":{"line":287,"column":12},"end":{"line":287,"column":57}},"44":{"start":{"line":288,"column":12},"end":{"line":288,"column":64}},"45":{"start":{"line":289,"column":12},"end":{"line":289,"column":69}},"46":{"start":{"line":292,"column":12},"end":{"line":292,"column":67}},"47":{"start":{"line":298,"column":12},"end":{"line":298,"column":80}},"48":{"start":{"line":299,"column":12},"end":{"line":299,"column":77}},"49":{"start":{"line":314,"column":8},"end":{"line":314,"column":84}},"50":{"start":{"line":319,"column":8},"end":{"line":319,"column":52}},"51":{"start":{"line":332,"column":8},"end":{"line":332,"column":11731}},"52":{"start":{"line":333,"column":12},"end":{"line":333,"column":11790}},"53":{"start":{"line":334,"column":16},"end":{"line":334,"column":24}},"54":{"start":{"line":337,"column":8},"end":{"line":337,"column":25}},"55":{"start":{"line":350,"column":8},"end":{"line":350,"column":29}},"56":{"start":{"line":351,"column":8},"end":{"line":351,"column":30}},"57":{"start":{"line":354,"column":8},"end":{"line":354,"column":12580}},"58":{"start":{"line":355,"column":12},"end":{"line":355,"column":58}},"59":{"start":{"line":356,"column":12},"end":{"line":356,"column":12699}},"60":{"start":{"line":362,"column":8},"end":{"line":362,"column":12822}},"61":{"start":{"line":364,"column":12},"end":{"line":364,"column":69}},"62":{"start":{"line":380,"column":8},"end":{"line":380,"column":60}},"63":{"start":{"line":381,"column":8},"end":{"line":381,"column":13588}},"64":{"start":{"line":382,"column":12},"end":{"line":382,"column":20}},"65":{"start":{"line":384,"column":8},"end":{"line":384,"column":44}}},"branchMap":{"1":{"line":113,"type":"if","locations":[{"start":{"line":113,"column":8},"end":{"line":113,"column":8}},{"start":{"line":113,"column":8},"end":{"line":113,"column":8}}]},"2":{"line":128,"type":"if","locations":[{"start":{"line":128,"column":54},"end":{"line":128,"column":54}},{"start":{"line":128,"column":54},"end":{"line":128,"column":54}}]},"3":{"line":129,"type":"if","locations":[{"start":{"line":129,"column":8},"end":{"line":129,"column":8}},{"start":{"line":129,"column":8},"end":{"line":129,"column":8}}]},"4":{"line":130,"type":"if","locations":[{"start":{"line":130,"column":8},"end":{"line":130,"column":8}},{"start":{"line":130,"column":8},"end":{"line":130,"column":8}}]},"5":{"line":150,"type":"if","locations":[{"start":{"line":150,"column":71},"end":{"line":150,"column":71}},{"start":{"line":150,"column":71},"end":{"line":150,"column":71}}]},"6":{"line":151,"type":"if","locations":[{"start":{"line":151,"column":8},"end":{"line":151,"column":8}},{"start":{"line":151,"column":8},"end":{"line":151,"column":8}}]},"7":{"line":169,"type":"if","locations":[{"start":{"line":169,"column":8},"end":{"line":169,"column":8}},{"start":{"line":169,"column":8},"end":{"line":169,"column":8}}]},"8":{"line":184,"type":"if","locations":[{"start":{"line":184,"column":8},"end":{"line":184,"column":8}},{"start":{"line":184,"column":8},"end":{"line":184,"column":8}}]},"9":{"line":207,"type":"if","locations":[{"start":{"line":207,"column":15},"end":{"line":207,"column":15}},{"start":{"line":207,"column":15},"end":{"line":207,"column":15}}]},"10":{"line":212,"type":"if","locations":[{"start":{"line":212,"column":8},"end":{"line":212,"column":8}},{"start":{"line":212,"column":8},"end":{"line":212,"column":8}}]},"11":{"line":213,"type":"if","locations":[{"start":{"line":213,"column":8},"end":{"line":213,"column":8}},{"start":{"line":213,"column":8},"end":{"line":213,"column":8}}]},"12":{"line":214,"type":"if","locations":[{"start":{"line":214,"column":8},"end":{"line":214,"column":8}},{"start":{"line":214,"column":8},"end":{"line":214,"column":8}}]},"13":{"line":218,"type":"if","locations":[{"start":{"line":218,"column":8},"end":{"line":218,"column":8}},{"start":{"line":218,"column":8},"end":{"line":218,"column":8}}]},"14":{"line":228,"type":"if","locations":[{"start":{"line":228,"column":8},"end":{"line":228,"column":8}},{"start":{"line":228,"column":8},"end":{"line":228,"column":8}}]},"15":{"line":260,"type":"if","locations":[{"start":{"line":260,"column":15},"end":{"line":260,"column":15}},{"start":{"line":260,"column":15},"end":{"line":260,"column":15}}]},"16":{"line":265,"type":"if","locations":[{"start":{"line":265,"column":8},"end":{"line":265,"column":8}},{"start":{"line":265,"column":8},"end":{"line":265,"column":8}}]},"17":{"line":266,"type":"if","locations":[{"start":{"line":266,"column":8},"end":{"line":266,"column":8}},{"start":{"line":266,"column":8},"end":{"line":266,"column":8}}]},"18":{"line":270,"type":"if","locations":[{"start":{"line":270,"column":8},"end":{"line":270,"column":8}},{"start":{"line":270,"column":8},"end":{"line":270,"column":8}}]},"19":{"line":287,"type":"if","locations":[{"start":{"line":287,"column":12},"end":{"line":287,"column":12}},{"start":{"line":287,"column":12},"end":{"line":287,"column":12}}]},"20":{"line":288,"type":"if","locations":[{"start":{"line":288,"column":12},"end":{"line":288,"column":12}},{"start":{"line":288,"column":12},"end":{"line":288,"column":12}}]},"21":{"line":289,"type":"if","locations":[{"start":{"line":289,"column":12},"end":{"line":289,"column":12}},{"start":{"line":289,"column":12},"end":{"line":289,"column":12}}]},"22":{"line":314,"type":"if","locations":[{"start":{"line":314,"column":8},"end":{"line":314,"column":8}},{"start":{"line":314,"column":8},"end":{"line":314,"column":8}}]},"23":{"line":333,"type":"if","locations":[{"start":{"line":333,"column":12},"end":{"line":333,"column":12}},{"start":{"line":333,"column":12},"end":{"line":333,"column":12}}]},"24":{"line":356,"type":"if","locations":[{"start":{"line":356,"column":12},"end":{"line":356,"column":12}},{"start":{"line":356,"column":12},"end":{"line":356,"column":12}}]},"25":{"line":362,"type":"if","locations":[{"start":{"line":362,"column":8},"end":{"line":362,"column":8}},{"start":{"line":362,"column":8},"end":{"line":362,"column":8}}]},"26":{"line":381,"type":"if","locations":[{"start":{"line":381,"column":8},"end":{"line":381,"column":8}},{"start":{"line":381,"column":8},"end":{"line":381,"column":8}}]}}},"contracts/governance/RewardDistributor.sol":{"l":{"82":0,"83":0,"85":0,"86":0,"87":0,"88":0,"98":0,"99":0,"101":0,"102":0,"113":0,"114":0,"115":0,"120":0,"121":0,"124":0,"127":0,"129":0,"140":0,"147":0,"148":0,"149":0,"150":0,"159":0,"160":0,"169":0,"177":0,"178":0},"path":"/Users/rocky243/Desktop/paimon.dex/demo-nft-paimon/contracts/governance/RewardDistributor.sol","s":{"1":0,"2":0,"3":0,"4":0,"5":0,"6":0,"7":0,"8":0,"9":0,"10":0,"11":0,"12":0,"13":0,"14":0,"15":0,"16":0,"17":0,"18":0,"19":0,"20":0},"b":{"1":[0,0],"2":[0,0],"3":[0,0],"4":[0,0],"5":[0,0],"6":[0,0],"7":[0,0],"8":[0,0],"9":[0,0],"10":[0,0],"11":[0,0],"12":[0,0],"13":[0,0],"14":[0,0]},"f":{"1":0,"2":0,"3":0,"4":0,"5":0,"6":0,"7":0,"8":0},"fnMap":{"1":{"name":"constructor","line":81,"loc":{"start":{"line":81,"column":4},"end":{"line":89,"column":4}}},"2":{"name":"setMerkleRoot","line":97,"loc":{"start":{"line":97,"column":4},"end":{"line":103,"column":4}}},"3":{"name":"claim","line":112,"loc":{"start":{"line":112,"column":4},"end":{"line":130,"column":4}}},"4":{"name":"isClaimed","line":139,"loc":{"start":{"line":139,"column":4},"end":{"line":141,"column":4}}},"5":{"name":"advanceEpoch","line":146,"loc":{"start":{"line":146,"column":4},"end":{"line":152,"column":4}}},"6":{"name":"getCurrentEpoch","line":158,"loc":{"start":{"line":158,"column":4},"end":{"line":161,"column":4}}},"7":{"name":"emergencyWithdraw","line":168,"loc":{"start":{"line":168,"column":4},"end":{"line":170,"column":4}}},"8":{"name":"setTreasury","line":176,"loc":{"start":{"line":176,"column":4},"end":{"line":179,"column":4}}}},"statementMap":{"1":{"start":{"line":82,"column":8},"end":{"line":82,"column":67}},"2":{"start":{"line":83,"column":8},"end":{"line":83,"column":59}},"3":{"start":{"line":98,"column":8},"end":{"line":98,"column":60}},"4":{"start":{"line":99,"column":8},"end":{"line":99,"column":63}},"5":{"start":{"line":102,"column":8},"end":{"line":102,"column":52}},"6":{"start":{"line":113,"column":8},"end":{"line":113,"column":48}},"7":{"start":{"line":114,"column":8},"end":{"line":114,"column":78}},"8":{"start":{"line":115,"column":8},"end":{"line":115,"column":69}},"9":{"start":{"line":120,"column":8},"end":{"line":120,"column":89}},"10":{"start":{"line":121,"column":8},"end":{"line":121,"column":91}},"11":{"start":{"line":127,"column":8},"end":{"line":127,"column":53}},"12":{"start":{"line":129,"column":8},"end":{"line":129,"column":60}},"13":{"start":{"line":140,"column":8},"end":{"line":140,"column":42}},"14":{"start":{"line":147,"column":8},"end":{"line":147,"column":82}},"15":{"start":{"line":148,"column":8},"end":{"line":148,"column":5933}},"16":{"start":{"line":150,"column":12},"end":{"line":150,"column":61}},"17":{"start":{"line":159,"column":8},"end":{"line":159,"column":82}},"18":{"start":{"line":160,"column":8},"end":{"line":160,"column":27}},"19":{"start":{"line":169,"column":8},"end":{"line":169,"column":51}},"20":{"start":{"line":177,"column":8},"end":{"line":177,"column":59}}},"branchMap":{"1":{"line":82,"type":"if","locations":[{"start":{"line":82,"column":8},"end":{"line":82,"column":8}},{"start":{"line":82,"column":8},"end":{"line":82,"column":8}}]},"2":{"line":83,"type":"if","locations":[{"start":{"line":83,"column":8},"end":{"line":83,"column":8}},{"start":{"line":83,"column":8},"end":{"line":83,"column":8}}]},"3":{"line":97,"type":"if","locations":[{"start":{"line":97,"column":86},"end":{"line":97,"column":86}},{"start":{"line":97,"column":86},"end":{"line":97,"column":86}}]},"4":{"line":98,"type":"if","locations":[{"start":{"line":98,"column":8},"end":{"line":98,"column":8}},{"start":{"line":98,"column":8},"end":{"line":98,"column":8}}]},"5":{"line":99,"type":"if","locations":[{"start":{"line":99,"column":8},"end":{"line":99,"column":8}},{"start":{"line":99,"column":8},"end":{"line":99,"column":8}}]},"6":{"line":112,"type":"if","locations":[{"start":{"line":112,"column":100},"end":{"line":112,"column":100}},{"start":{"line":112,"column":100},"end":{"line":112,"column":100}}]},"7":{"line":113,"type":"if","locations":[{"start":{"line":113,"column":8},"end":{"line":113,"column":8}},{"start":{"line":113,"column":8},"end":{"line":113,"column":8}}]},"8":{"line":114,"type":"if","locations":[{"start":{"line":114,"column":8},"end":{"line":114,"column":8}},{"start":{"line":114,"column":8},"end":{"line":114,"column":8}}]},"9":{"line":115,"type":"if","locations":[{"start":{"line":115,"column":8},"end":{"line":115,"column":8}},{"start":{"line":115,"column":8},"end":{"line":115,"column":8}}]},"10":{"line":121,"type":"if","locations":[{"start":{"line":121,"column":8},"end":{"line":121,"column":8}},{"start":{"line":121,"column":8},"end":{"line":121,"column":8}}]},"11":{"line":148,"type":"if","locations":[{"start":{"line":148,"column":8},"end":{"line":148,"column":8}},{"start":{"line":148,"column":8},"end":{"line":148,"column":8}}]},"12":{"line":168,"type":"if","locations":[{"start":{"line":168,"column":71},"end":{"line":168,"column":71}},{"start":{"line":168,"column":71},"end":{"line":168,"column":71}}]},"13":{"line":176,"type":"if","locations":[{"start":{"line":176,"column":53},"end":{"line":176,"column":53}},{"start":{"line":176,"column":53},"end":{"line":176,"column":53}}]},"14":{"line":177,"type":"if","locations":[{"start":{"line":177,"column":8},"end":{"line":177,"column":8}},{"start":{"line":177,"column":8},"end":{"line":177,"column":8}}]}}},"contracts/mocks/MockERC20.sol":{"l":{"19":3,"23":0,"27":7,"31":0},"path":"/Users/rocky243/Desktop/paimon.dex/demo-nft-paimon/contracts/mocks/MockERC20.sol","s":{"1":0,"2":7,"3":0},"b":{},"f":{"1":3,"2":0,"3":7,"4":0},"fnMap":{"1":{"name":"constructor","line":18,"loc":{"start":{"line":14,"column":4},"end":{"line":20,"column":4}}},"2":{"name":"decimals","line":22,"loc":{"start":{"line":22,"column":4},"end":{"line":24,"column":4}}},"3":{"name":"mint","line":26,"loc":{"start":{"line":26,"column":4},"end":{"line":28,"column":4}}},"4":{"name":"burn","line":30,"loc":{"start":{"line":30,"column":4},"end":{"line":32,"column":4}}}},"statementMap":{"1":{"start":{"line":23,"column":8},"end":{"line":23,"column":24}},"2":{"start":{"line":27,"column":8},"end":{"line":27,"column":24}},"3":{"start":{"line":31,"column":8},"end":{"line":31,"column":26}}},"branchMap":{}}}